Loading funannotate/1.8
  Loading requirement: miniconda3/4.3.31 ncbi-rmblast/2.9.0-p2 trf/4.09 hmmer/3
    RepeatMasker/4-1-1 jellyfish/2.3.0 lp_solve/5.5 EVM/1.1.1-live
    genemarkESET/4.62_lic bamtools/2.4.0 RepeatScout/1.0.6 RECON/1.08
    cd-hit/4.8.1 ncbi-blast/2.9.0+ RepeatModeler/2.0.1 gmap/2019-03-04
    bedtools/2.29.2 tbl2asn/25.8 boost/1.68.0 augustus/3.3.3 diamond/2.0.8
    exonerate/2.2.0 ncbi-blast/2.2.31+ cdbfasta/06272015 htslib/1.11
    samtools/1.11 braker/2.1.4 mummer/4.0 RAxML/8.2.12 mafft/7.427 trimal/1.4.1
    trimmomatic/0.36 exonerate/2.4.0 blat/35 tRNAscan/1.3.1 proteinortho/6.0.20
    kent/318 signalp/5.0b fasta/36.3.8h bowtie2/2.4.1 salmon/0.9.1 java/13
    trinity-rnaseq/2.11.0 hisat2/2.2.1 kallisto/0.46.2 gmap/2017-11-15
    PASA/2.4.1 eggnog-mapper/2.1.0 minimap2/2.17 stringtie/2.1.1
    CodingQuarry/2.0
Aspergillus_melleus_CBS_546.65
 
[Jun 15 03:09 PM]: OS: CentOS Linux 7, 64 cores, ~ 528 GB RAM. Python: 3.8.5
[Jun 15 03:09 PM]: Running 1.8.8
[Jun 15 03:09 PM]: Found existing output directory annotate/Aspergillus_melleus_CBS_546.65. Warning, will re-use any intermediate files found.
[Jun 15 03:09 PM]: Parsing input files
[Jun 15 03:09 PM]: Existing tbl found: annotate/Aspergillus_melleus_CBS_546.65/update_results/Aspergillus_melleus_CBS_546.65.tbl
[Jun 15 03:10 PM]: Adding Functional Annotation to Aspergillus melleus, NCBI accession: None
[Jun 15 03:10 PM]: Annotation consists of: 13,060 gene models
[Jun 15 03:10 PM]: 13,182 protein records loaded
[Jun 15 03:10 PM]: Existing Pfam-A results found: annotate/Aspergillus_melleus_CBS_546.65/annotate_misc/annotations.pfam.txt
[Jun 15 03:10 PM]: 14,805 annotations added
[Jun 15 03:10 PM]: Running Diamond blastp search of UniProt DB version 2021_02
[Jun 15 03:10 PM]: 1,007 valid gene/product annotations from 1,732 total
[Jun 15 03:10 PM]: Existing Eggnog-mapper results found: annotate/Aspergillus_melleus_CBS_546.65/annotate_misc/eggnog.emapper.annotations
[Jun 15 03:10 PM]: Parsing EggNog Annotations
[Jun 15 03:10 PM]: 25,181 COG and EggNog annotations added
[Jun 15 03:10 PM]: Combining UniProt/EggNog gene and product names using Gene2Product version 1.70
[Jun 15 03:10 PM]: 3,015 gene name and product description annotations added
[Jun 15 03:10 PM]: Existing MEROPS results found: annotate/Aspergillus_melleus_CBS_546.65/annotate_misc/annotations.merops.txt
[Jun 15 03:10 PM]: 375 annotations added
[Jun 15 03:10 PM]: Existing CAZYme results found: annotate/Aspergillus_melleus_CBS_546.65/annotate_misc/annotations.dbCAN.txt
[Jun 15 03:10 PM]: 560 annotations added
[Jun 15 03:10 PM]: Existing BUSCO2 results found: annotate/Aspergillus_melleus_CBS_546.65/annotate_misc/annotations.busco.txt
[Jun 15 03:10 PM]: 766 annotations added
[Jun 15 03:10 PM]: Existing Phobius results found: annotate/Aspergillus_melleus_CBS_546.65/annotate_misc/phobius.results.txt
[Jun 15 03:10 PM]: Existing SignalP results found: annotate/Aspergillus_melleus_CBS_546.65/annotate_misc/signalp.results.txt
[Jun 15 03:10 PM]: 1,069 secretome and 2,882 transmembane annotations added
[Jun 15 03:10 PM]: Found 0 duplicated annotations, adding 103,451 valid annotations
[Jun 15 03:10 PM]: Converting to final Genbank format, good luck!
[Jun 15 03:11 PM]: Creating AGP file and corresponding contigs file
[Jun 15 03:11 PM]: Writing genome annotation table.
[Jun 15 03:14 PM]: Funannotate annotate has completed successfully!
-------------------------------------------------------
-------------------------------------------------------
