Loading RepeatModeler/2.0.1
  Loading requirement: RepeatScout/1.0.6 RECON/1.08 trf/4.09 cd-hit/4.8.1
    ncbi-blast/2.9.0+
Aspergillus_melleus_CBS_546.65
m02
/scratch/jstajich/4107291 /bigdata/stajichlab/shared/projects/Aspergillus/A_melleus
Building database Aspergillus_melleus_CBS_546.65:
  Reading /bigdata/stajichlab/shared/projects/Aspergillus/A_melleus/genomes/Aspergillus_melleus_CBS_546.65.sorted.fasta...
Number of sequences (bp) added to database: 11 ( 38850827 bp )
RepeatModeler Version 2.0.1
===========================
Search Engine = rmblast 2.9.0+
Dependencies: TRF 4.09, RECON , RepeatScout 1.0.5, RepeatMasker 
LTR Structural Analysis: Enabled ( GenomeTools 1.5.9, LTR_Retriever v2.9.0,
                                   Ninja 0.95-cluster_only, MAFFT 7.471,
                                   CD-HIT 4.8.1 )
Random Number Seed: 1623537981
Database = Aspergillus_melleus_CBS_546.65 .
  - Sequences = 11
  - Bases = 38850827
Using output directory = /scratch/jstajich/4107291/RM_36744.SatJun121546252021
Storage Throughput = fair ( 447.12 MB/s )

Ready to start the sampling process.
INFO: The runtime of RepeatModeler heavily depends on the quality of the assembly
      and the repetitive content of the sequences.  It is not imperative
      that RepeatModeler completes all rounds in order to obtain useful
      results.  At the completion of each round, the files ( consensi.fa, and
      families.stk ) found in:
      /scratch/jstajich/4107291/RM_36744.SatJun121546252021/ 
      will contain all results produced thus far. These files may be 
      manually copied and run through RepeatClassifier should the program
      be terminated early.


RepeatModeler Round # 1
========================
Searching for Repeats
 -- Sampling from the database...
   - Gathering up to 40000000 bp
   - Final Sample Size = 38850773 bp ( 38850773 non ambiguous )
   - Num Contigs Represented = 11
   - Sequence extraction : 00:00:09 (hh:mm:ss) Elapsed Time
 -- Running RepeatScout on the sequences...
   - RepeatScout: Running build_lmer_table ( l = 14 )..
   - RepeatScout: Running RepeatScout.. : 406 raw families identified
   - RepeatScout: Running filtering stage.. 353 families remaining
   - RepeatScout: 00:23:56 (hh:mm:ss) Elapsed Time
   - Large Satellite Filtering.. : 1 found in 00:00:07 (hh:mm:ss) Elapsed Time
   - Collecting repeat instances...
 -- Refining Family R=94 / 0 ( RS Elements: 410, Using 100 )
 -- Refining Family R=363 / 1 ( RS Elements: 259, Using 100 )
 -- Refining Family R=23 / 2 ( RS Elements: 252, Using 100 )
 -- Refining Family R=58 / 3 ( RS Elements: 213, Using 100 )
 -- Refining Family R=106 / 4 ( RS Elements: 195, Using 100 )
 -- Refining Family R=9 / 5 ( RS Elements: 181, Using 100 )
 -- Refining Family R=189 / 6 ( RS Elements: 174, Using 100 )
 -- Refining Family R=33 / 7 ( RS Elements: 168, Using 100 )
 -- Refining Family R=5 / 8 ( RS Elements: 163, Using 100 )
 -- Refining Family R=92 / 9 ( RS Elements: 155, Using 100 )
 -- Refining Family R=29 / 10 ( RS Elements: 145, Using 100 )
 -- Refining Family R=91 / 11 ( RS Elements: 139, Using 100 )
 -- Refining Family R=162 / 12 ( RS Elements: 139, Using 100 )
 -- Refining Family R=7 / 13 ( RS Elements: 133, Using 100 )
 -- Refining Family R=112 / 14 ( RS Elements: 127, Using 100 )
 -- Refining Family R=142 / 15 ( RS Elements: 123, Using 100 )
 -- Refining Family R=55 / 16 ( RS Elements: 121, Using 100 )
 -- Refining Family R=111 / 17 ( RS Elements: 108, Using 100 )
 -- Refining Family R=21 / 18 ( RS Elements: 106, Using 100 )
 -- Refining Family R=18 / 19 ( RS Elements: 105, Using 100 )
 -- Refining Family R=77 / 20 ( RS Elements: 102, Using 100 )
 -- Refining Family R=81 / 21 ( RS Elements: 102, Using 100 )
 -- Refining Family R=12 / 22 ( RS Elements: 101, Using 100 )
 -- Refining Family R=67 / 23 ( RS Elements: 95, Using 95 )
 -- Refining Family R=334 / 24 ( RS Elements: 95, Using 95 )
 -- Refining Family R=52 / 25 ( RS Elements: 90, Using 90 )
 -- Refining Family R=16 / 26 ( RS Elements: 88, Using 88 )
 -- Refining Family R=83 / 27 ( RS Elements: 85, Using 85 )
 -- Refining Family R=283 / 28 ( RS Elements: 84, Using 84 )
 -- Refining Family R=20 / 29 ( RS Elements: 83, Using 83 )
 -- Refining Family R=79 / 30 ( RS Elements: 75, Using 75 )
 -- Refining Family R=47 / 31 ( RS Elements: 74, Using 74 )
 -- Refining Family R=65 / 32 ( RS Elements: 73, Using 73 )
 -- Refining Family R=2 / 33 ( RS Elements: 72, Using 72 )
 -- Refining Family R=110 / 34 ( RS Elements: 71, Using 71 )
 -- Refining Family R=30 / 35 ( RS Elements: 68, Using 68 )
 -- Refining Family R=37 / 36 ( RS Elements: 67, Using 67 )
 -- Refining Family R=159 / 37 ( RS Elements: 67, Using 67 )
 -- Refining Family R=254 / 38 ( RS Elements: 66, Using 66 )
 -- Refining Family R=302 / 39 ( RS Elements: 65, Using 65 )
 -- Refining Family R=228 / 40 ( RS Elements: 65, Using 65 )
 -- Refining Family R=264 / 41 ( RS Elements: 63, Using 63 )
 -- Refining Family R=97 / 42 ( RS Elements: 63, Using 63 )
 -- Refining Family R=14 / 43 ( RS Elements: 58, Using 58 )
 -- Refining Family R=269 / 44 ( RS Elements: 57, Using 57 )
 -- Refining Family R=56 / 45 ( RS Elements: 55, Using 55 )
 -- Refining Family R=73 / 46 ( RS Elements: 51, Using 51 )
 -- Refining Family R=158 / 47 ( RS Elements: 50, Using 50 )
 -- Refining Family R=311 / 48 ( RS Elements: 49, Using 49 )
 -- Refining Family R=170 / 49 ( RS Elements: 47, Using 47 )
 -- Refining Family R=137 / 50 ( RS Elements: 47, Using 47 )
 -- Refining Family R=74 / 51 ( RS Elements: 46, Using 46 )
 -- Refining Family R=34 / 52 ( RS Elements: 46, Using 46 )
 -- Refining Family R=352 / 53 ( RS Elements: 45, Using 45 )
 -- Refining Family R=129 / 54 ( RS Elements: 44, Using 44 )
 -- Refining Family R=49 / 55 ( RS Elements: 43, Using 43 )
 -- Refining Family R=76 / 56 ( RS Elements: 43, Using 43 )
 -- Refining Family R=99 / 57 ( RS Elements: 42, Using 42 )
 -- Refining Family R=17 / 58 ( RS Elements: 40, Using 40 )
 -- Refining Family R=124 / 59 ( RS Elements: 40, Using 40 )
 -- Refining Family R=144 / 60 ( RS Elements: 39, Using 39 )
 -- Refining Family R=39 / 61 ( RS Elements: 39, Using 39 )
 -- Refining Family R=166 / 62 ( RS Elements: 39, Using 39 )
 -- Refining Family R=57 / 63 ( RS Elements: 38, Using 38 )
 -- Refining Family R=53 / 64 ( RS Elements: 38, Using 38 )
 -- Refining Family R=41 / 65 ( RS Elements: 38, Using 38 )
 -- Refining Family R=45 / 66 ( RS Elements: 38, Using 38 )
 -- Refining Family R=36 / 67 ( RS Elements: 37, Using 37 )
 -- Refining Family R=40 / 68 ( RS Elements: 36, Using 36 )
 -- Refining Family R=161 / 69 ( RS Elements: 35, Using 35 )
 -- Refining Family R=48 / 70 ( RS Elements: 35, Using 35 )
 -- Refining Family R=172 / 71 ( RS Elements: 32, Using 32 )
 -- Refining Family R=360 / 72 ( RS Elements: 31, Using 31 )
 -- Refining Family R=366 / 73 ( RS Elements: 29, Using 29 )
 -- Refining Family R=98 / 74 ( RS Elements: 29, Using 29 )
 -- Refining Family R=263 / 75 ( RS Elements: 29, Using 29 )
 -- Refining Family R=88 / 76 ( RS Elements: 28, Using 28 )
 -- Refining Family R=70 / 77 ( RS Elements: 27, Using 27 )
 -- Refining Family R=186 / 78 ( RS Elements: 26, Using 26 )
 -- Refining Family R=50 / 79 ( RS Elements: 24, Using 24 )
 -- Refining Family R=235 / 80 ( RS Elements: 24, Using 24 )
 -- Refining Family R=155 / 81 ( RS Elements: 24, Using 24 )
 -- Refining Family R=212 / 82 ( RS Elements: 23, Using 23 )
 -- Refining Family R=114 / 83 ( RS Elements: 23, Using 23 )
 -- Refining Family R=123 / 84 ( RS Elements: 22, Using 22 )
 -- Refining Family R=183 / 85 ( RS Elements: 22, Using 22 )
 -- Refining Family R=78 / 86 ( RS Elements: 22, Using 22 )
 -- Refining Family R=318 / 87 ( RS Elements: 22, Using 22 )
 -- Refining Family R=273 / 88 ( RS Elements: 21, Using 21 )
 -- Refining Family R=107 / 89 ( RS Elements: 21, Using 21 )
 -- Refining Family R=82 / 90 ( RS Elements: 20, Using 20 )
 -- Refining Family R=176 / 91 ( RS Elements: 20, Using 20 )
 -- Refining Family R=75 / 92 ( RS Elements: 20, Using 20 )
 -- Refining Family R=28 / 93 ( RS Elements: 20, Using 20 )
 -- Refining Family R=42 / 94 ( RS Elements: 20, Using 20 )
 -- Refining Family R=167 / 95 ( RS Elements: 19, Using 19 )
 -- Refining Family R=336 / 96 ( RS Elements: 19, Using 19 )
 -- Refining Family R=187 / 97 ( RS Elements: 19, Using 19 )
 -- Refining Family R=184 / 98 ( RS Elements: 18, Using 18 )
 -- Refining Family R=163 / 99 ( RS Elements: 17, Using 17 )
 -- Refining Family R=296 / 100 ( RS Elements: 17, Using 17 )
 -- Refining Family R=139 / 101 ( RS Elements: 16, Using 16 )
 -- Refining Family R=113 / 102 ( RS Elements: 16, Using 16 )
 -- Refining Family R=108 / 103 ( RS Elements: 16, Using 16 )
 -- Refining Family R=62 / 104 ( RS Elements: 16, Using 16 )
 -- Refining Family R=72 / 105 ( RS Elements: 16, Using 16 )
 -- Refining Family R=271 / 106 ( RS Elements: 16, Using 16 )
Family Refinement: 01:41:13 (hh:mm:ss) Elapsed Time


RepeatModeler Round # 2
========================
Searching for Repeats
 -- Sampling from the database...
   - Gathering up to 3000000 bp
   - Sequence extraction : 00:00:01 (hh:mm:ss) Elapsed Time
 -- Running TRFMask on the sequence...
       99 Tandem Repeats Masked
   - TRFMask time 00:00:13 (hh:mm:ss) Elapsed Time
 -- Masking repeats from the previous rounds...
  - Masking 1 - 5 of 76
  - Masking 16 - 30 of 76
  - Masking 41 - 65 of 76
  - Masking 76 - 76 of 76
   - TE Masking time 00:00:10 (hh:mm:ss) Elapsed Time
 -- Sample Stats:
       Sample Size 3017129 bp
       Num Contigs Represented = 10
       Non ambiguous bp:
             Initial: 3017129 bp
             After Masking: 2909760 bp
             Masked: 3.56 % 
 -- Input Database Coverage: 3017129 bp out of 38850827 bp ( 7.77 % )
Sampling Time: 00:00:24 (hh:mm:ss) Elapsed Time
Running all-by-other comparisons...
        2% completed,  00:1:51 (hh:mm:ss) est. time remaining.
        5% completed,  00:0:54 (hh:mm:ss) est. time remaining.
        7% completed,  00:0:36 (hh:mm:ss) est. time remaining.
       10% completed,  00:0:26 (hh:mm:ss) est. time remaining.
       12% completed,  00:0:20 (hh:mm:ss) est. time remaining.
       15% completed,  00:0:22 (hh:mm:ss) est. time remaining.
       17% completed,  00:0:27 (hh:mm:ss) est. time remaining.
       20% completed,  00:0:24 (hh:mm:ss) est. time remaining.
       22% completed,  00:0:20 (hh:mm:ss) est. time remaining.
       24% completed,  00:0:18 (hh:mm:ss) est. time remaining.
       26% completed,  00:0:16 (hh:mm:ss) est. time remaining.
       28% completed,  00:0:17 (hh:mm:ss) est. time remaining.
       31% completed,  00:0:17 (hh:mm:ss) est. time remaining.
       33% completed,  00:0:17 (hh:mm:ss) est. time remaining.
       35% completed,  00:0:16 (hh:mm:ss) est. time remaining.
       37% completed,  00:0:14 (hh:mm:ss) est. time remaining.
       39% completed,  00:0:13 (hh:mm:ss) est. time remaining.
       42% completed,  00:0:13 (hh:mm:ss) est. time remaining.
       44% completed,  00:0:12 (hh:mm:ss) est. time remaining.
       45% completed,  00:0:12 (hh:mm:ss) est. time remaining.
       47% completed,  00:0:12 (hh:mm:ss) est. time remaining.
       49% completed,  00:0:11 (hh:mm:ss) est. time remaining.
       51% completed,  00:0:10 (hh:mm:ss) est. time remaining.
       53% completed,  00:0:10 (hh:mm:ss) est. time remaining.
       55% completed,  00:0:10 (hh:mm:ss) est. time remaining.
       56% completed,  00:0:09 (hh:mm:ss) est. time remaining.
       58% completed,  00:0:09 (hh:mm:ss) est. time remaining.
       60% completed,  00:0:09 (hh:mm:ss) est. time remaining.
       61% completed,  00:0:09 (hh:mm:ss) est. time remaining.
       63% completed,  00:0:08 (hh:mm:ss) est. time remaining.
       64% completed,  00:0:08 (hh:mm:ss) est. time remaining.
       66% completed,  00:0:07 (hh:mm:ss) est. time remaining.
       68% completed,  00:0:07 (hh:mm:ss) est. time remaining.
       69% completed,  00:0:07 (hh:mm:ss) est. time remaining.
       71% completed,  00:0:06 (hh:mm:ss) est. time remaining.
       72% completed,  00:0:06 (hh:mm:ss) est. time remaining.
       73% completed,  00:0:06 (hh:mm:ss) est. time remaining.
       75% completed,  00:0:05 (hh:mm:ss) est. time remaining.
       76% completed,  00:0:05 (hh:mm:ss) est. time remaining.
       77% completed,  00:0:05 (hh:mm:ss) est. time remaining.
       78% completed,  00:0:04 (hh:mm:ss) est. time remaining.
       79% completed,  00:0:04 (hh:mm:ss) est. time remaining.
       81% completed,  00:0:04 (hh:mm:ss) est. time remaining.
       82% completed,  00:0:04 (hh:mm:ss) est. time remaining.
       83% completed,  00:0:04 (hh:mm:ss) est. time remaining.
       84% completed,  00:0:03 (hh:mm:ss) est. time remaining.
       85% completed,  00:0:03 (hh:mm:ss) est. time remaining.
       86% completed,  00:0:03 (hh:mm:ss) est. time remaining.
       87% completed,  00:0:03 (hh:mm:ss) est. time remaining.
       87% completed,  00:0:02 (hh:mm:ss) est. time remaining.
       88% completed,  00:0:02 (hh:mm:ss) est. time remaining.
       89% completed,  00:0:02 (hh:mm:ss) est. time remaining.
       90% completed,  00:0:02 (hh:mm:ss) est. time remaining.
       90% completed,  00:0:02 (hh:mm:ss) est. time remaining.
       91% completed,  00:0:02 (hh:mm:ss) est. time remaining.
       91% completed,  00:0:02 (hh:mm:ss) est. time remaining.
       92% completed,  00:0:01 (hh:mm:ss) est. time remaining.
       92% completed,  00:0:01 (hh:mm:ss) est. time remaining.
       93% completed,  00:0:01 (hh:mm:ss) est. time remaining.
       93% completed,  00:0:01 (hh:mm:ss) est. time remaining.
       94% completed,  00:0:01 (hh:mm:ss) est. time remaining.
       94% completed,  00:0:02 (hh:mm:ss) est. time remaining.
       94% completed,  00:0:02 (hh:mm:ss) est. time remaining.
       95% completed,  00:0:02 (hh:mm:ss) est. time remaining.
       95% completed,  00:0:02 (hh:mm:ss) est. time remaining.
       95% completed,  00:0:01 (hh:mm:ss) est. time remaining.
       95% completed,  00:0:01 (hh:mm:ss) est. time remaining.
       95% completed,  00:0:01 (hh:mm:ss) est. time remaining.
       95% completed,  00:0:01 (hh:mm:ss) est. time remaining.
       95% completed,  00:0:01 (hh:mm:ss) est. time remaining.
       97% completed,  00:0:01 (hh:mm:ss) est. time remaining.
       98% completed,  00:0:01 (hh:mm:ss) est. time remaining.
       99% completed,  00:0:01 (hh:mm:ss) est. time remaining.
       99% completed,  00:0:00 (hh:mm:ss) est. time remaining.
      100% completed,  00:0:00 (hh:mm:ss) est. time remaining.
Comparison Time: 00:03:41 (hh:mm:ss) Elapsed Time, 417 HSPs Collected
  - RECON: Running imagespread..
RECON Elapsed: 00:00:00 (hh:mm:ss) Elapsed Time
  - RECON: Running initial definition of elements ( eledef )..
RECON Elapsed: 00:00:00 (hh:mm:ss) Elapsed Time
  - RECON: Running re-definition of elements ( eleredef )..
RECON Elapsed: 00:00:00 (hh:mm:ss) Elapsed Time
  - RECON: Running re-definition of edges ( edgeredef )..
RECON Elapsed: 00:00:01 (hh:mm:ss) Elapsed Time
  - RECON: Running family definition ( famdef )..
RECON Elapsed: 00:00:00 (hh:mm:ss) Elapsed Time
  - Obtaining element sequences
Number of families returned by RECON: 134
Processing families with greater than 15 elements
Family Refinement: 00:00:00 (hh:mm:ss) Elapsed Time
Round Time: 00:04:07 (hh:mm:ss) Elapsed Time


RepeatModeler Round # 3
========================
Searching for Repeats
 -- Sampling from the database...
   - Gathering up to 9000000 bp
   - Sequence extraction : 00:00:02 (hh:mm:ss) Elapsed Time
 -- Running TRFMask on the sequence...
       313 Tandem Repeats Masked
   - TRFMask time 00:00:36 (hh:mm:ss) Elapsed Time
 -- Masking repeats from the previous rounds...
  - Masking 1 - 5 of 226
  - Masking 6 - 10 of 226
  - Masking 21 - 35 of 226
  - Masking 46 - 70 of 226
  - Masking 81 - 115 of 226
  - Masking 126 - 170 of 226
  - Masking 181 - 226 of 226
   - TE Masking time 00:00:34 (hh:mm:ss) Elapsed Time
 -- Sample Stats:
       Sample Size 9030338 bp
       Num Contigs Represented = 10
       Non ambiguous bp:
             Initial: 9030338 bp
             After Masking: 8743701 bp
             Masked: 3.17 % 
 -- Input Database Coverage: 12047467 bp out of 38850827 bp ( 31.01 % )
Sampling Time: 00:01:14 (hh:mm:ss) Elapsed Time
Running all-by-other comparisons...
        0% completed,  00:15:16 (hh:mm:ss) est. time remaining.
        1% completed,  00:8:26 (hh:mm:ss) est. time remaining.
        2% completed,  00:5:35 (hh:mm:ss) est. time remaining.
        3% completed,  00:4:08 (hh:mm:ss) est. time remaining.
        4% completed,  00:3:16 (hh:mm:ss) est. time remaining.
        5% completed,  00:2:42 (hh:mm:ss) est. time remaining.
        6% completed,  00:4:05 (hh:mm:ss) est. time remaining.
        6% completed,  00:3:47 (hh:mm:ss) est. time remaining.
        7% completed,  00:3:20 (hh:mm:ss) est. time remaining.
        8% completed,  00:3:09 (hh:mm:ss) est. time remaining.
        9% completed,  00:2:51 (hh:mm:ss) est. time remaining.
       10% completed,  00:2:35 (hh:mm:ss) est. time remaining.
       11% completed,  00:3:18 (hh:mm:ss) est. time remaining.
       12% completed,  00:3:02 (hh:mm:ss) est. time remaining.
       12% completed,  00:2:56 (hh:mm:ss) est. time remaining.
       13% completed,  00:2:44 (hh:mm:ss) est. time remaining.
       14% completed,  00:2:33 (hh:mm:ss) est. time remaining.
       15% completed,  00:2:23 (hh:mm:ss) est. time remaining.
       16% completed,  00:2:51 (hh:mm:ss) est. time remaining.
       16% completed,  00:2:41 (hh:mm:ss) est. time remaining.
       17% completed,  00:2:32 (hh:mm:ss) est. time remaining.
       18% completed,  00:2:24 (hh:mm:ss) est. time remaining.
       19% completed,  00:2:21 (hh:mm:ss) est. time remaining.
       20% completed,  00:2:38 (hh:mm:ss) est. time remaining.
       20% completed,  00:2:31 (hh:mm:ss) est. time remaining.
       21% completed,  00:2:27 (hh:mm:ss) est. time remaining.
       22% completed,  00:2:21 (hh:mm:ss) est. time remaining.
       23% completed,  00:2:15 (hh:mm:ss) est. time remaining.
       24% completed,  00:2:25 (hh:mm:ss) est. time remaining.
       24% completed,  00:2:19 (hh:mm:ss) est. time remaining.
       25% completed,  00:2:16 (hh:mm:ss) est. time remaining.
       26% completed,  00:2:11 (hh:mm:ss) est. time remaining.
       27% completed,  00:2:11 (hh:mm:ss) est. time remaining.
       27% completed,  00:2:17 (hh:mm:ss) est. time remaining.
       28% completed,  00:2:17 (hh:mm:ss) est. time remaining.
       29% completed,  00:2:12 (hh:mm:ss) est. time remaining.
       30% completed,  00:2:10 (hh:mm:ss) est. time remaining.
       30% completed,  00:2:16 (hh:mm:ss) est. time remaining.
       31% completed,  00:2:16 (hh:mm:ss) est. time remaining.
       32% completed,  00:2:12 (hh:mm:ss) est. time remaining.
       32% completed,  00:2:09 (hh:mm:ss) est. time remaining.
       33% completed,  00:2:13 (hh:mm:ss) est. time remaining.
       34% completed,  00:2:13 (hh:mm:ss) est. time remaining.
       35% completed,  00:2:09 (hh:mm:ss) est. time remaining.
       35% completed,  00:2:05 (hh:mm:ss) est. time remaining.
       36% completed,  00:2:08 (hh:mm:ss) est. time remaining.
       37% completed,  00:2:09 (hh:mm:ss) est. time remaining.
       37% completed,  00:2:06 (hh:mm:ss) est. time remaining.
       38% completed,  00:2:08 (hh:mm:ss) est. time remaining.
       39% completed,  00:2:09 (hh:mm:ss) est. time remaining.
       40% completed,  00:2:07 (hh:mm:ss) est. time remaining.
       40% completed,  00:2:08 (hh:mm:ss) est. time remaining.
       41% completed,  00:2:07 (hh:mm:ss) est. time remaining.
       42% completed,  00:2:09 (hh:mm:ss) est. time remaining.
       42% completed,  00:2:08 (hh:mm:ss) est. time remaining.
       43% completed,  00:2:12 (hh:mm:ss) est. time remaining.
       43% completed,  00:2:11 (hh:mm:ss) est. time remaining.
       44% completed,  00:2:12 (hh:mm:ss) est. time remaining.
       45% completed,  00:2:17 (hh:mm:ss) est. time remaining.
       45% completed,  00:2:21 (hh:mm:ss) est. time remaining.
       46% completed,  00:2:24 (hh:mm:ss) est. time remaining.
       47% completed,  00:2:29 (hh:mm:ss) est. time remaining.
       47% completed,  00:2:31 (hh:mm:ss) est. time remaining.
       48% completed,  00:2:34 (hh:mm:ss) est. time remaining.
       49% completed,  00:2:36 (hh:mm:ss) est. time remaining.
       49% completed,  00:2:38 (hh:mm:ss) est. time remaining.
       50% completed,  00:2:40 (hh:mm:ss) est. time remaining.
       50% completed,  00:2:42 (hh:mm:ss) est. time remaining.
       51% completed,  00:2:44 (hh:mm:ss) est. time remaining.
       52% completed,  00:2:45 (hh:mm:ss) est. time remaining.
       52% completed,  00:2:46 (hh:mm:ss) est. time remaining.
       53% completed,  00:2:47 (hh:mm:ss) est. time remaining.
       53% completed,  00:2:48 (hh:mm:ss) est. time remaining.
       54% completed,  00:2:48 (hh:mm:ss) est. time remaining.
       55% completed,  00:3:24 (hh:mm:ss) est. time remaining.
       55% completed,  00:3:22 (hh:mm:ss) est. time remaining.
       56% completed,  00:3:27 (hh:mm:ss) est. time remaining.
       56% completed,  00:3:26 (hh:mm:ss) est. time remaining.
       57% completed,  00:3:25 (hh:mm:ss) est. time remaining.
       57% completed,  00:3:23 (hh:mm:ss) est. time remaining.
       58% completed,  00:3:22 (hh:mm:ss) est. time remaining.
       58% completed,  00:3:21 (hh:mm:ss) est. time remaining.
       59% completed,  00:3:18 (hh:mm:ss) est. time remaining.
       60% completed,  00:3:14 (hh:mm:ss) est. time remaining.
       60% completed,  00:3:10 (hh:mm:ss) est. time remaining.
       61% completed,  00:3:07 (hh:mm:ss) est. time remaining.
       61% completed,  00:3:04 (hh:mm:ss) est. time remaining.
       62% completed,  00:3:00 (hh:mm:ss) est. time remaining.
       62% completed,  00:2:58 (hh:mm:ss) est. time remaining.
       63% completed,  00:2:55 (hh:mm:ss) est. time remaining.
       63% completed,  00:2:51 (hh:mm:ss) est. time remaining.
       64% completed,  00:2:49 (hh:mm:ss) est. time remaining.
       64% completed,  00:2:46 (hh:mm:ss) est. time remaining.
       65% completed,  00:2:43 (hh:mm:ss) est. time remaining.
       66% completed,  00:2:41 (hh:mm:ss) est. time remaining.
       66% completed,  00:2:38 (hh:mm:ss) est. time remaining.
       66% completed,  00:2:34 (hh:mm:ss) est. time remaining.
       67% completed,  00:2:33 (hh:mm:ss) est. time remaining.
       67% completed,  00:2:30 (hh:mm:ss) est. time remaining.
       68% completed,  00:2:26 (hh:mm:ss) est. time remaining.
       68% completed,  00:2:26 (hh:mm:ss) est. time remaining.
       69% completed,  00:2:22 (hh:mm:ss) est. time remaining.
       69% completed,  00:2:21 (hh:mm:ss) est. time remaining.
       70% completed,  00:2:18 (hh:mm:ss) est. time remaining.
       70% completed,  00:2:16 (hh:mm:ss) est. time remaining.
       71% completed,  00:2:14 (hh:mm:ss) est. time remaining.
       71% completed,  00:2:12 (hh:mm:ss) est. time remaining.
       72% completed,  00:2:10 (hh:mm:ss) est. time remaining.
       72% completed,  00:2:08 (hh:mm:ss) est. time remaining.
       73% completed,  00:2:05 (hh:mm:ss) est. time remaining.
       73% completed,  00:2:04 (hh:mm:ss) est. time remaining.
       73% completed,  00:2:01 (hh:mm:ss) est. time remaining.
       74% completed,  00:2:00 (hh:mm:ss) est. time remaining.
       74% completed,  00:1:59 (hh:mm:ss) est. time remaining.
       75% completed,  00:1:57 (hh:mm:ss) est. time remaining.
       75% completed,  00:1:56 (hh:mm:ss) est. time remaining.
       75% completed,  00:1:56 (hh:mm:ss) est. time remaining.
       76% completed,  00:1:54 (hh:mm:ss) est. time remaining.
       76% completed,  00:1:53 (hh:mm:ss) est. time remaining.
       77% completed,  00:1:51 (hh:mm:ss) est. time remaining.
       77% completed,  00:1:50 (hh:mm:ss) est. time remaining.
       77% completed,  00:1:49 (hh:mm:ss) est. time remaining.
       78% completed,  00:1:47 (hh:mm:ss) est. time remaining.
       78% completed,  00:1:46 (hh:mm:ss) est. time remaining.
       79% completed,  00:1:44 (hh:mm:ss) est. time remaining.
       79% completed,  00:1:42 (hh:mm:ss) est. time remaining.
       79% completed,  00:1:41 (hh:mm:ss) est. time remaining.
       80% completed,  00:1:40 (hh:mm:ss) est. time remaining.
       80% completed,  00:1:38 (hh:mm:ss) est. time remaining.
       80% completed,  00:1:37 (hh:mm:ss) est. time remaining.
       81% completed,  00:1:35 (hh:mm:ss) est. time remaining.
       81% completed,  00:1:34 (hh:mm:ss) est. time remaining.
       82% completed,  00:1:32 (hh:mm:ss) est. time remaining.
       82% completed,  00:1:28 (hh:mm:ss) est. time remaining.
       83% completed,  00:1:27 (hh:mm:ss) est. time remaining.
       83% completed,  00:1:25 (hh:mm:ss) est. time remaining.
       83% completed,  00:1:24 (hh:mm:ss) est. time remaining.
       84% completed,  00:1:22 (hh:mm:ss) est. time remaining.
       84% completed,  00:1:21 (hh:mm:ss) est. time remaining.
       84% completed,  00:1:19 (hh:mm:ss) est. time remaining.
       84% completed,  00:1:18 (hh:mm:ss) est. time remaining.
       85% completed,  00:1:15 (hh:mm:ss) est. time remaining.
       85% completed,  00:1:13 (hh:mm:ss) est. time remaining.
       86% completed,  00:1:11 (hh:mm:ss) est. time remaining.
       86% completed,  00:1:10 (hh:mm:ss) est. time remaining.
       86% completed,  00:1:08 (hh:mm:ss) est. time remaining.
       87% completed,  00:1:07 (hh:mm:ss) est. time remaining.
       87% completed,  00:1:05 (hh:mm:ss) est. time remaining.
       87% completed,  00:1:04 (hh:mm:ss) est. time remaining.
       87% completed,  00:1:02 (hh:mm:ss) est. time remaining.
       88% completed,  00:1:01 (hh:mm:ss) est. time remaining.
       88% completed,  00:0:59 (hh:mm:ss) est. time remaining.
       88% completed,  00:0:58 (hh:mm:ss) est. time remaining.
       89% completed,  00:0:57 (hh:mm:ss) est. time remaining.
       89% completed,  00:0:55 (hh:mm:ss) est. time remaining.
       89% completed,  00:0:54 (hh:mm:ss) est. time remaining.
       89% completed,  00:0:53 (hh:mm:ss) est. time remaining.
       90% completed,  00:0:52 (hh:mm:ss) est. time remaining.
       90% completed,  00:0:51 (hh:mm:ss) est. time remaining.
       90% completed,  00:0:50 (hh:mm:ss) est. time remaining.
       90% completed,  00:0:48 (hh:mm:ss) est. time remaining.
       90% completed,  00:0:47 (hh:mm:ss) est. time remaining.
       91% completed,  00:0:46 (hh:mm:ss) est. time remaining.
       91% completed,  00:0:45 (hh:mm:ss) est. time remaining.
       91% completed,  00:0:44 (hh:mm:ss) est. time remaining.
       92% completed,  00:0:40 (hh:mm:ss) est. time remaining.
       92% completed,  00:0:39 (hh:mm:ss) est. time remaining.
       93% completed,  00:0:37 (hh:mm:ss) est. time remaining.
       93% completed,  00:0:36 (hh:mm:ss) est. time remaining.
       93% completed,  00:0:34 (hh:mm:ss) est. time remaining.
       93% completed,  00:0:33 (hh:mm:ss) est. time remaining.
       93% completed,  00:0:32 (hh:mm:ss) est. time remaining.
       94% completed,  00:0:31 (hh:mm:ss) est. time remaining.
       94% completed,  00:0:30 (hh:mm:ss) est. time remaining.
       94% completed,  00:0:29 (hh:mm:ss) est. time remaining.
       94% completed,  00:0:28 (hh:mm:ss) est. time remaining.
       94% completed,  00:0:27 (hh:mm:ss) est. time remaining.
       94% completed,  00:0:26 (hh:mm:ss) est. time remaining.
       95% completed,  00:0:25 (hh:mm:ss) est. time remaining.
       95% completed,  00:0:24 (hh:mm:ss) est. time remaining.
       95% completed,  00:0:22 (hh:mm:ss) est. time remaining.
       95% completed,  00:0:21 (hh:mm:ss) est. time remaining.
       96% completed,  00:0:20 (hh:mm:ss) est. time remaining.
       96% completed,  00:0:20 (hh:mm:ss) est. time remaining.
       96% completed,  00:0:19 (hh:mm:ss) est. time remaining.
       96% completed,  00:0:18 (hh:mm:ss) est. time remaining.
       96% completed,  00:0:18 (hh:mm:ss) est. time remaining.
       96% completed,  00:0:16 (hh:mm:ss) est. time remaining.
       96% completed,  00:0:16 (hh:mm:ss) est. time remaining.
       97% completed,  00:0:15 (hh:mm:ss) est. time remaining.
       97% completed,  00:0:14 (hh:mm:ss) est. time remaining.
       97% completed,  00:0:14 (hh:mm:ss) est. time remaining.
       97% completed,  00:0:13 (hh:mm:ss) est. time remaining.
       97% completed,  00:0:13 (hh:mm:ss) est. time remaining.
       97% completed,  00:0:12 (hh:mm:ss) est. time remaining.
       97% completed,  00:0:11 (hh:mm:ss) est. time remaining.
       97% completed,  00:0:11 (hh:mm:ss) est. time remaining.
       97% completed,  00:0:10 (hh:mm:ss) est. time remaining.
       98% completed,  00:0:10 (hh:mm:ss) est. time remaining.
       98% completed,  00:0:09 (hh:mm:ss) est. time remaining.
       98% completed,  00:0:09 (hh:mm:ss) est. time remaining.
       98% completed,  00:0:09 (hh:mm:ss) est. time remaining.
       98% completed,  00:0:08 (hh:mm:ss) est. time remaining.
       98% completed,  00:0:08 (hh:mm:ss) est. time remaining.
       98% completed,  00:0:07 (hh:mm:ss) est. time remaining.
       98% completed,  00:0:07 (hh:mm:ss) est. time remaining.
       98% completed,  00:0:07 (hh:mm:ss) est. time remaining.
       98% completed,  00:0:06 (hh:mm:ss) est. time remaining.
       98% completed,  00:0:06 (hh:mm:ss) est. time remaining.
       98% completed,  00:0:06 (hh:mm:ss) est. time remaining.
       98% completed,  00:0:06 (hh:mm:ss) est. time remaining.
       98% completed,  00:0:05 (hh:mm:ss) est. time remaining.
       98% completed,  00:0:05 (hh:mm:ss) est. time remaining.
       98% completed,  00:0:05 (hh:mm:ss) est. time remaining.
       98% completed,  00:0:05 (hh:mm:ss) est. time remaining.
       99% completed,  00:0:05 (hh:mm:ss) est. time remaining.
       99% completed,  00:0:05 (hh:mm:ss) est. time remaining.
       99% completed,  00:0:05 (hh:mm:ss) est. time remaining.
       99% completed,  00:0:05 (hh:mm:ss) est. time remaining.
       99% completed,  00:0:05 (hh:mm:ss) est. time remaining.
       99% completed,  00:0:05 (hh:mm:ss) est. time remaining.
       99% completed,  00:0:04 (hh:mm:ss) est. time remaining.
       99% completed,  00:0:03 (hh:mm:ss) est. time remaining.
       99% completed,  00:0:01 (hh:mm:ss) est. time remaining.
      100% completed,  00:0:00 (hh:mm:ss) est. time remaining.
Comparison Time: 00:12:43 (hh:mm:ss) Elapsed Time, 2650 HSPs Collected
  - RECON: Running imagespread..
RECON Elapsed: 00:00:00 (hh:mm:ss) Elapsed Time
  - RECON: Running initial definition of elements ( eledef )..
RECON Elapsed: 00:00:01 (hh:mm:ss) Elapsed Time
  - RECON: Running re-definition of elements ( eleredef )..
RECON Elapsed: 00:00:01 (hh:mm:ss) Elapsed Time
  - RECON: Running re-definition of edges ( edgeredef )..
RECON Elapsed: 00:00:02 (hh:mm:ss) Elapsed Time
  - RECON: Running family definition ( famdef )..
RECON Elapsed: 00:00:00 (hh:mm:ss) Elapsed Time
  - Obtaining element sequences
Number of families returned by RECON: 602
Processing families with greater than 15 elements

Processing RECON family: 36
  - Saving 35 elements
  - Refining family-36 model...

Processing RECON family: 38
  - Saving 18 elements
  - Refining family-38 model...

Processing RECON family: 168
  - Saving 17 elements
  - Refining family-168 model...
Family Refinement: 03:22:50 (hh:mm:ss) Elapsed Time
Round Time: 03:36:53 (hh:mm:ss) Elapsed Time


RepeatModeler Round # 4
========================
Searching for Repeats
 -- Sampling from the database...
   - Gathering up to 27000000 bp
   - Sequence extraction : 00:00:07 (hh:mm:ss) Elapsed Time
 -- Running TRFMask on the sequence...
       897 Tandem Repeats Masked
   - TRFMask time 00:01:37 (hh:mm:ss) Elapsed Time
 -- Masking repeats from the previous rounds...
  - Masking 1 - 5 of 673
  - Masking 16 - 30 of 673
  - Masking 41 - 65 of 673
  - Masking 76 - 110 of 673
  - Masking 121 - 165 of 673
  - Masking 176 - 230 of 673
  - Masking 241 - 305 of 673
  - Masking 316 - 390 of 673
  - Masking 401 - 485 of 673
  - Masking 496 - 590 of 673
  - Masking 596 - 673 of 673
   - TE Masking time 00:36:09 (hh:mm:ss) Elapsed Time
 -- Sample Stats:
       Sample Size 26803146 bp
       Num Contigs Represented = 10
       Non ambiguous bp:
             Initial: 26803146 bp
             After Masking: 25495626 bp
             Masked: 4.88 % 
 -- Input Database Coverage: 38850613 bp out of 38850827 bp ( 100.00 % )
Sampling Time: 00:37:58 (hh:mm:ss) Elapsed Time
Running all-by-other comparisons...
        0% completed,  02:9:34 (hh:mm:ss) est. time remaining.
        0% completed,  01:7:15 (hh:mm:ss) est. time remaining.
        0% completed,  00:46:30 (hh:mm:ss) est. time remaining.
        1% completed,  00:36:10 (hh:mm:ss) est. time remaining.
        1% completed,  00:29:58 (hh:mm:ss) est. time remaining.
        1% completed,  00:45:14 (hh:mm:ss) est. time remaining.
        2% completed,  00:38:42 (hh:mm:ss) est. time remaining.
        2% completed,  00:34:28 (hh:mm:ss) est. time remaining.
        2% completed,  00:32:24 (hh:mm:ss) est. time remaining.
        2% completed,  00:40:06 (hh:mm:ss) est. time remaining.
        3% completed,  00:36:52 (hh:mm:ss) est. time remaining.
        3% completed,  00:43:45 (hh:mm:ss) est. time remaining.
        3% completed,  00:42:24 (hh:mm:ss) est. time remaining.
        4% completed,  00:46:41 (hh:mm:ss) est. time remaining.
        4% completed,  00:44:56 (hh:mm:ss) est. time remaining.
        4% completed,  00:48:08 (hh:mm:ss) est. time remaining.
        4% completed,  00:46:48 (hh:mm:ss) est. time remaining.
        5% completed,  00:50:07 (hh:mm:ss) est. time remaining.
        5% completed,  00:48:47 (hh:mm:ss) est. time remaining.
        5% completed,  00:51:05 (hh:mm:ss) est. time remaining.
        6% completed,  00:48:49 (hh:mm:ss) est. time remaining.
        6% completed,  00:47:57 (hh:mm:ss) est. time remaining.
        6% completed,  00:49:15 (hh:mm:ss) est. time remaining.
        6% completed,  00:48:12 (hh:mm:ss) est. time remaining.
        7% completed,  00:50:00 (hh:mm:ss) est. time remaining.
        7% completed,  00:48:22 (hh:mm:ss) est. time remaining.
        7% completed,  00:50:47 (hh:mm:ss) est. time remaining.
        8% completed,  00:52:50 (hh:mm:ss) est. time remaining.
        8% completed,  00:51:26 (hh:mm:ss) est. time remaining.
        8% completed,  00:53:07 (hh:mm:ss) est. time remaining.
        8% completed,  00:51:37 (hh:mm:ss) est. time remaining.
        9% completed,  00:52:05 (hh:mm:ss) est. time remaining.
        9% completed,  00:51:30 (hh:mm:ss) est. time remaining.
        9% completed,  00:52:19 (hh:mm:ss) est. time remaining.
       10% completed,  00:52:03 (hh:mm:ss) est. time remaining.
       10% completed,  00:52:38 (hh:mm:ss) est. time remaining.
       10% completed,  00:51:56 (hh:mm:ss) est. time remaining.
       10% completed,  00:53:10 (hh:mm:ss) est. time remaining.
       11% completed,  00:52:05 (hh:mm:ss) est. time remaining.
       11% completed,  00:53:06 (hh:mm:ss) est. time remaining.
       11% completed,  00:52:18 (hh:mm:ss) est. time remaining.
       12% completed,  00:53:01 (hh:mm:ss) est. time remaining.
       12% completed,  00:52:15 (hh:mm:ss) est. time remaining.
       12% completed,  00:51:12 (hh:mm:ss) est. time remaining.
       12% completed,  00:51:38 (hh:mm:ss) est. time remaining.
       13% completed,  00:52:42 (hh:mm:ss) est. time remaining.
       13% completed,  00:53:43 (hh:mm:ss) est. time remaining.
       13% completed,  00:54:47 (hh:mm:ss) est. time remaining.
       13% completed,  00:55:35 (hh:mm:ss) est. time remaining.
       14% completed,  00:56:04 (hh:mm:ss) est. time remaining.
       14% completed,  00:54:56 (hh:mm:ss) est. time remaining.
       14% completed,  00:54:44 (hh:mm:ss) est. time remaining.
       15% completed,  00:54:14 (hh:mm:ss) est. time remaining.
       15% completed,  00:53:11 (hh:mm:ss) est. time remaining.
       15% completed,  00:52:26 (hh:mm:ss) est. time remaining.
       15% completed,  00:52:10 (hh:mm:ss) est. time remaining.
       16% completed,  00:51:54 (hh:mm:ss) est. time remaining.
       16% completed,  00:50:58 (hh:mm:ss) est. time remaining.
       16% completed,  00:50:54 (hh:mm:ss) est. time remaining.
       17% completed,  00:50:05 (hh:mm:ss) est. time remaining.
       17% completed,  00:49:38 (hh:mm:ss) est. time remaining.
       17% completed,  00:49:10 (hh:mm:ss) est. time remaining.
       17% completed,  00:48:33 (hh:mm:ss) est. time remaining.
       18% completed,  00:47:54 (hh:mm:ss) est. time remaining.
       18% completed,  00:47:03 (hh:mm:ss) est. time remaining.
       18% completed,  00:46:48 (hh:mm:ss) est. time remaining.
       18% completed,  00:46:42 (hh:mm:ss) est. time remaining.
       19% completed,  00:46:03 (hh:mm:ss) est. time remaining.
       19% completed,  00:45:28 (hh:mm:ss) est. time remaining.
       19% completed,  00:44:42 (hh:mm:ss) est. time remaining.
       19% completed,  00:44:26 (hh:mm:ss) est. time remaining.
       20% completed,  00:44:30 (hh:mm:ss) est. time remaining.
       20% completed,  00:43:58 (hh:mm:ss) est. time remaining.
       20% completed,  00:43:16 (hh:mm:ss) est. time remaining.
       21% completed,  00:42:57 (hh:mm:ss) est. time remaining.
       21% completed,  00:42:20 (hh:mm:ss) est. time remaining.
       21% completed,  00:42:21 (hh:mm:ss) est. time remaining.
       21% completed,  00:41:46 (hh:mm:ss) est. time remaining.
       22% completed,  00:41:43 (hh:mm:ss) est. time remaining.
       22% completed,  00:41:12 (hh:mm:ss) est. time remaining.
       22% completed,  00:40:49 (hh:mm:ss) est. time remaining.
       22% completed,  00:40:33 (hh:mm:ss) est. time remaining.
       23% completed,  00:40:01 (hh:mm:ss) est. time remaining.
       23% completed,  00:39:59 (hh:mm:ss) est. time remaining.
       23% completed,  00:39:31 (hh:mm:ss) est. time remaining.
       23% completed,  00:39:01 (hh:mm:ss) est. time remaining.
       24% completed,  00:38:43 (hh:mm:ss) est. time remaining.
       24% completed,  00:38:17 (hh:mm:ss) est. time remaining.
       24% completed,  00:37:55 (hh:mm:ss) est. time remaining.
       24% completed,  00:37:47 (hh:mm:ss) est. time remaining.
       25% completed,  00:37:20 (hh:mm:ss) est. time remaining.
       25% completed,  00:37:07 (hh:mm:ss) est. time remaining.
       25% completed,  00:36:40 (hh:mm:ss) est. time remaining.
       25% completed,  00:36:25 (hh:mm:ss) est. time remaining.
       26% completed,  00:36:19 (hh:mm:ss) est. time remaining.
       26% completed,  00:35:59 (hh:mm:ss) est. time remaining.
       26% completed,  00:35:39 (hh:mm:ss) est. time remaining.
       26% completed,  00:35:20 (hh:mm:ss) est. time remaining.
       27% completed,  00:35:06 (hh:mm:ss) est. time remaining.
       27% completed,  00:34:47 (hh:mm:ss) est. time remaining.
       27% completed,  00:34:42 (hh:mm:ss) est. time remaining.
       28% completed,  00:34:21 (hh:mm:ss) est. time remaining.
       28% completed,  00:33:56 (hh:mm:ss) est. time remaining.
       28% completed,  00:33:51 (hh:mm:ss) est. time remaining.
       28% completed,  00:33:29 (hh:mm:ss) est. time remaining.
       29% completed,  00:33:12 (hh:mm:ss) est. time remaining.
       29% completed,  00:33:05 (hh:mm:ss) est. time remaining.
       29% completed,  00:32:46 (hh:mm:ss) est. time remaining.
       29% completed,  00:32:39 (hh:mm:ss) est. time remaining.
       30% completed,  00:32:25 (hh:mm:ss) est. time remaining.
       30% completed,  00:32:04 (hh:mm:ss) est. time remaining.
       30% completed,  00:31:56 (hh:mm:ss) est. time remaining.
       30% completed,  00:31:38 (hh:mm:ss) est. time remaining.
       30% completed,  00:31:30 (hh:mm:ss) est. time remaining.
       31% completed,  00:31:19 (hh:mm:ss) est. time remaining.
       31% completed,  00:31:00 (hh:mm:ss) est. time remaining.
       31% completed,  00:30:56 (hh:mm:ss) est. time remaining.
       31% completed,  00:30:44 (hh:mm:ss) est. time remaining.
       32% completed,  00:30:25 (hh:mm:ss) est. time remaining.
       32% completed,  00:30:20 (hh:mm:ss) est. time remaining.
       32% completed,  00:30:16 (hh:mm:ss) est. time remaining.
       32% completed,  00:30:02 (hh:mm:ss) est. time remaining.
       33% completed,  00:29:45 (hh:mm:ss) est. time remaining.
       33% completed,  00:29:26 (hh:mm:ss) est. time remaining.
       33% completed,  00:29:13 (hh:mm:ss) est. time remaining.
       33% completed,  00:29:00 (hh:mm:ss) est. time remaining.
       34% completed,  00:29:00 (hh:mm:ss) est. time remaining.
       34% completed,  00:28:44 (hh:mm:ss) est. time remaining.
       34% completed,  00:28:35 (hh:mm:ss) est. time remaining.
       34% completed,  00:28:19 (hh:mm:ss) est. time remaining.
       35% completed,  00:28:07 (hh:mm:ss) est. time remaining.
       35% completed,  00:28:06 (hh:mm:ss) est. time remaining.
       35% completed,  00:27:50 (hh:mm:ss) est. time remaining.
       35% completed,  00:27:45 (hh:mm:ss) est. time remaining.
       36% completed,  00:27:28 (hh:mm:ss) est. time remaining.
       36% completed,  00:27:32 (hh:mm:ss) est. time remaining.
       36% completed,  00:27:19 (hh:mm:ss) est. time remaining.
       36% completed,  00:27:15 (hh:mm:ss) est. time remaining.
       37% completed,  00:27:05 (hh:mm:ss) est. time remaining.
       37% completed,  00:27:02 (hh:mm:ss) est. time remaining.
       37% completed,  00:26:48 (hh:mm:ss) est. time remaining.
       37% completed,  00:26:41 (hh:mm:ss) est. time remaining.
       37% completed,  00:26:25 (hh:mm:ss) est. time remaining.
       38% completed,  00:26:16 (hh:mm:ss) est. time remaining.
       38% completed,  00:26:15 (hh:mm:ss) est. time remaining.
       38% completed,  00:26:11 (hh:mm:ss) est. time remaining.
       38% completed,  00:25:57 (hh:mm:ss) est. time remaining.
       39% completed,  00:25:47 (hh:mm:ss) est. time remaining.
       39% completed,  00:25:44 (hh:mm:ss) est. time remaining.
       39% completed,  00:25:43 (hh:mm:ss) est. time remaining.
       39% completed,  00:25:28 (hh:mm:ss) est. time remaining.
       40% completed,  00:25:15 (hh:mm:ss) est. time remaining.
       40% completed,  00:25:14 (hh:mm:ss) est. time remaining.
       40% completed,  00:25:00 (hh:mm:ss) est. time remaining.
       40% completed,  00:25:00 (hh:mm:ss) est. time remaining.
       40% completed,  00:24:49 (hh:mm:ss) est. time remaining.
       41% completed,  00:24:44 (hh:mm:ss) est. time remaining.
       41% completed,  00:24:30 (hh:mm:ss) est. time remaining.
       41% completed,  00:24:25 (hh:mm:ss) est. time remaining.
       41% completed,  00:24:25 (hh:mm:ss) est. time remaining.
       42% completed,  00:24:11 (hh:mm:ss) est. time remaining.
       42% completed,  00:24:02 (hh:mm:ss) est. time remaining.
       42% completed,  00:23:53 (hh:mm:ss) est. time remaining.
       42% completed,  00:23:57 (hh:mm:ss) est. time remaining.
       43% completed,  00:23:52 (hh:mm:ss) est. time remaining.
       43% completed,  00:23:46 (hh:mm:ss) est. time remaining.
       43% completed,  00:23:34 (hh:mm:ss) est. time remaining.
       43% completed,  00:23:27 (hh:mm:ss) est. time remaining.
       43% completed,  00:23:23 (hh:mm:ss) est. time remaining.
       44% completed,  00:23:20 (hh:mm:ss) est. time remaining.
       44% completed,  00:23:13 (hh:mm:ss) est. time remaining.
       44% completed,  00:23:10 (hh:mm:ss) est. time remaining.
       44% completed,  00:23:07 (hh:mm:ss) est. time remaining.
       45% completed,  00:23:09 (hh:mm:ss) est. time remaining.
       45% completed,  00:23:03 (hh:mm:ss) est. time remaining.
       45% completed,  00:22:53 (hh:mm:ss) est. time remaining.
       45% completed,  00:22:48 (hh:mm:ss) est. time remaining.
       45% completed,  00:22:49 (hh:mm:ss) est. time remaining.
       46% completed,  00:22:45 (hh:mm:ss) est. time remaining.
       46% completed,  00:22:39 (hh:mm:ss) est. time remaining.
       46% completed,  00:22:32 (hh:mm:ss) est. time remaining.
       46% completed,  00:22:22 (hh:mm:ss) est. time remaining.
       47% completed,  00:22:16 (hh:mm:ss) est. time remaining.
       47% completed,  00:22:12 (hh:mm:ss) est. time remaining.
       47% completed,  00:22:05 (hh:mm:ss) est. time remaining.
       47% completed,  00:21:56 (hh:mm:ss) est. time remaining.
       47% completed,  00:21:52 (hh:mm:ss) est. time remaining.
       48% completed,  00:21:46 (hh:mm:ss) est. time remaining.
       48% completed,  00:21:40 (hh:mm:ss) est. time remaining.
       48% completed,  00:21:30 (hh:mm:ss) est. time remaining.
       48% completed,  00:21:26 (hh:mm:ss) est. time remaining.
       48% completed,  00:21:21 (hh:mm:ss) est. time remaining.
       49% completed,  00:21:14 (hh:mm:ss) est. time remaining.
       49% completed,  00:21:04 (hh:mm:ss) est. time remaining.
       49% completed,  00:21:02 (hh:mm:ss) est. time remaining.
       49% completed,  00:21:00 (hh:mm:ss) est. time remaining.
       49% completed,  00:20:51 (hh:mm:ss) est. time remaining.
       50% completed,  00:20:40 (hh:mm:ss) est. time remaining.
       50% completed,  00:20:37 (hh:mm:ss) est. time remaining.
       50% completed,  00:20:35 (hh:mm:ss) est. time remaining.
       50% completed,  00:20:26 (hh:mm:ss) est. time remaining.
       51% completed,  00:20:17 (hh:mm:ss) est. time remaining.
       51% completed,  00:20:12 (hh:mm:ss) est. time remaining.
       51% completed,  00:20:10 (hh:mm:ss) est. time remaining.
       51% completed,  00:20:04 (hh:mm:ss) est. time remaining.
       51% completed,  00:19:54 (hh:mm:ss) est. time remaining.
       52% completed,  00:19:48 (hh:mm:ss) est. time remaining.
       52% completed,  00:19:46 (hh:mm:ss) est. time remaining.
       52% completed,  00:19:41 (hh:mm:ss) est. time remaining.
       52% completed,  00:19:32 (hh:mm:ss) est. time remaining.
       52% completed,  00:19:24 (hh:mm:ss) est. time remaining.
       53% completed,  00:19:22 (hh:mm:ss) est. time remaining.
       53% completed,  00:19:16 (hh:mm:ss) est. time remaining.
       53% completed,  00:19:08 (hh:mm:ss) est. time remaining.
       53% completed,  00:19:01 (hh:mm:ss) est. time remaining.
       53% completed,  00:19:02 (hh:mm:ss) est. time remaining.
       54% completed,  00:18:54 (hh:mm:ss) est. time remaining.
       54% completed,  00:18:45 (hh:mm:ss) est. time remaining.
       54% completed,  00:18:37 (hh:mm:ss) est. time remaining.
       54% completed,  00:18:34 (hh:mm:ss) est. time remaining.
       54% completed,  00:18:28 (hh:mm:ss) est. time remaining.
       55% completed,  00:18:22 (hh:mm:ss) est. time remaining.
       55% completed,  00:18:14 (hh:mm:ss) est. time remaining.
       55% completed,  00:18:13 (hh:mm:ss) est. time remaining.
       55% completed,  00:18:08 (hh:mm:ss) est. time remaining.
       55% completed,  00:18:00 (hh:mm:ss) est. time remaining.
       56% completed,  00:17:56 (hh:mm:ss) est. time remaining.
       56% completed,  00:17:49 (hh:mm:ss) est. time remaining.
       56% completed,  00:17:44 (hh:mm:ss) est. time remaining.
       56% completed,  00:17:38 (hh:mm:ss) est. time remaining.
       56% completed,  00:17:35 (hh:mm:ss) est. time remaining.
       57% completed,  00:17:28 (hh:mm:ss) est. time remaining.
       57% completed,  00:17:22 (hh:mm:ss) est. time remaining.
       57% completed,  00:17:17 (hh:mm:ss) est. time remaining.
       57% completed,  00:17:09 (hh:mm:ss) est. time remaining.
       57% completed,  00:17:07 (hh:mm:ss) est. time remaining.
       58% completed,  00:17:01 (hh:mm:ss) est. time remaining.
       58% completed,  00:16:55 (hh:mm:ss) est. time remaining.
       58% completed,  00:16:48 (hh:mm:ss) est. time remaining.
       58% completed,  00:16:46 (hh:mm:ss) est. time remaining.
       58% completed,  00:16:42 (hh:mm:ss) est. time remaining.
       58% completed,  00:16:35 (hh:mm:ss) est. time remaining.
       59% completed,  00:16:28 (hh:mm:ss) est. time remaining.
       59% completed,  00:16:22 (hh:mm:ss) est. time remaining.
       59% completed,  00:16:17 (hh:mm:ss) est. time remaining.
       59% completed,  00:16:12 (hh:mm:ss) est. time remaining.
       59% completed,  00:16:05 (hh:mm:ss) est. time remaining.
       60% completed,  00:15:59 (hh:mm:ss) est. time remaining.
       60% completed,  00:15:55 (hh:mm:ss) est. time remaining.
       60% completed,  00:15:50 (hh:mm:ss) est. time remaining.
       60% completed,  00:15:44 (hh:mm:ss) est. time remaining.
       60% completed,  00:15:39 (hh:mm:ss) est. time remaining.
       61% completed,  00:15:33 (hh:mm:ss) est. time remaining.
       61% completed,  00:15:28 (hh:mm:ss) est. time remaining.
       61% completed,  00:15:23 (hh:mm:ss) est. time remaining.
       61% completed,  00:15:20 (hh:mm:ss) est. time remaining.
       61% completed,  00:15:14 (hh:mm:ss) est. time remaining.
       62% completed,  00:15:09 (hh:mm:ss) est. time remaining.
       62% completed,  00:15:04 (hh:mm:ss) est. time remaining.
       62% completed,  00:15:01 (hh:mm:ss) est. time remaining.
       62% completed,  00:14:55 (hh:mm:ss) est. time remaining.
       62% completed,  00:14:50 (hh:mm:ss) est. time remaining.
       62% completed,  00:14:46 (hh:mm:ss) est. time remaining.
       63% completed,  00:14:42 (hh:mm:ss) est. time remaining.
       63% completed,  00:14:36 (hh:mm:ss) est. time remaining.
       63% completed,  00:14:30 (hh:mm:ss) est. time remaining.
       63% completed,  00:14:25 (hh:mm:ss) est. time remaining.
       63% completed,  00:14:20 (hh:mm:ss) est. time remaining.
       64% completed,  00:14:17 (hh:mm:ss) est. time remaining.
       64% completed,  00:14:10 (hh:mm:ss) est. time remaining.
       64% completed,  00:14:04 (hh:mm:ss) est. time remaining.
       64% completed,  00:13:59 (hh:mm:ss) est. time remaining.
       64% completed,  00:13:53 (hh:mm:ss) est. time remaining.
       64% completed,  00:13:49 (hh:mm:ss) est. time remaining.
       65% completed,  00:13:46 (hh:mm:ss) est. time remaining.
       65% completed,  00:13:40 (hh:mm:ss) est. time remaining.
       65% completed,  00:13:34 (hh:mm:ss) est. time remaining.
       65% completed,  00:13:29 (hh:mm:ss) est. time remaining.
       65% completed,  00:13:23 (hh:mm:ss) est. time remaining.
       65% completed,  00:13:20 (hh:mm:ss) est. time remaining.
       66% completed,  00:13:16 (hh:mm:ss) est. time remaining.
       66% completed,  00:13:11 (hh:mm:ss) est. time remaining.
       66% completed,  00:13:06 (hh:mm:ss) est. time remaining.
       66% completed,  00:13:00 (hh:mm:ss) est. time remaining.
       66% completed,  00:12:56 (hh:mm:ss) est. time remaining.
       66% completed,  00:12:51 (hh:mm:ss) est. time remaining.
       67% completed,  00:12:47 (hh:mm:ss) est. time remaining.
       67% completed,  00:12:42 (hh:mm:ss) est. time remaining.
       67% completed,  00:12:37 (hh:mm:ss) est. time remaining.
       67% completed,  00:12:32 (hh:mm:ss) est. time remaining.
       67% completed,  00:12:28 (hh:mm:ss) est. time remaining.
       67% completed,  00:12:23 (hh:mm:ss) est. time remaining.
       68% completed,  00:12:19 (hh:mm:ss) est. time remaining.
       68% completed,  00:12:14 (hh:mm:ss) est. time remaining.
       68% completed,  00:12:09 (hh:mm:ss) est. time remaining.
       68% completed,  00:12:04 (hh:mm:ss) est. time remaining.
       68% completed,  00:12:00 (hh:mm:ss) est. time remaining.
       68% completed,  00:11:55 (hh:mm:ss) est. time remaining.
       69% completed,  00:11:52 (hh:mm:ss) est. time remaining.
       69% completed,  00:11:47 (hh:mm:ss) est. time remaining.
       69% completed,  00:11:43 (hh:mm:ss) est. time remaining.
       69% completed,  00:11:37 (hh:mm:ss) est. time remaining.
       69% completed,  00:11:34 (hh:mm:ss) est. time remaining.
       69% completed,  00:11:29 (hh:mm:ss) est. time remaining.
       70% completed,  00:11:26 (hh:mm:ss) est. time remaining.
       70% completed,  00:11:21 (hh:mm:ss) est. time remaining.
       70% completed,  00:11:17 (hh:mm:ss) est. time remaining.
       70% completed,  00:11:12 (hh:mm:ss) est. time remaining.
       70% completed,  00:11:08 (hh:mm:ss) est. time remaining.
       70% completed,  00:11:03 (hh:mm:ss) est. time remaining.
       71% completed,  00:11:00 (hh:mm:ss) est. time remaining.
       71% completed,  00:10:56 (hh:mm:ss) est. time remaining.
       71% completed,  00:10:51 (hh:mm:ss) est. time remaining.
       71% completed,  00:10:47 (hh:mm:ss) est. time remaining.
       71% completed,  00:10:43 (hh:mm:ss) est. time remaining.
       71% completed,  00:10:38 (hh:mm:ss) est. time remaining.
       72% completed,  00:10:34 (hh:mm:ss) est. time remaining.
       72% completed,  00:10:30 (hh:mm:ss) est. time remaining.
       72% completed,  00:10:27 (hh:mm:ss) est. time remaining.
       72% completed,  00:10:22 (hh:mm:ss) est. time remaining.
       72% completed,  00:10:17 (hh:mm:ss) est. time remaining.
       72% completed,  00:10:14 (hh:mm:ss) est. time remaining.
       72% completed,  00:10:10 (hh:mm:ss) est. time remaining.
       73% completed,  00:10:07 (hh:mm:ss) est. time remaining.
       73% completed,  00:10:02 (hh:mm:ss) est. time remaining.
       73% completed,  00:9:58 (hh:mm:ss) est. time remaining.
       73% completed,  00:9:54 (hh:mm:ss) est. time remaining.
       73% completed,  00:9:50 (hh:mm:ss) est. time remaining.
       73% completed,  00:9:47 (hh:mm:ss) est. time remaining.
       74% completed,  00:9:43 (hh:mm:ss) est. time remaining.
       74% completed,  00:9:39 (hh:mm:ss) est. time remaining.
       74% completed,  00:9:35 (hh:mm:ss) est. time remaining.
       74% completed,  00:9:31 (hh:mm:ss) est. time remaining.
       74% completed,  00:9:27 (hh:mm:ss) est. time remaining.
       74% completed,  00:9:24 (hh:mm:ss) est. time remaining.
       74% completed,  00:9:20 (hh:mm:ss) est. time remaining.
       75% completed,  00:9:17 (hh:mm:ss) est. time remaining.
       75% completed,  00:9:14 (hh:mm:ss) est. time remaining.
       75% completed,  00:9:10 (hh:mm:ss) est. time remaining.
       75% completed,  00:9:07 (hh:mm:ss) est. time remaining.
       75% completed,  00:9:03 (hh:mm:ss) est. time remaining.
       75% completed,  00:9:01 (hh:mm:ss) est. time remaining.
       75% completed,  00:8:57 (hh:mm:ss) est. time remaining.
       76% completed,  00:8:53 (hh:mm:ss) est. time remaining.
       76% completed,  00:8:50 (hh:mm:ss) est. time remaining.
       76% completed,  00:8:48 (hh:mm:ss) est. time remaining.
       76% completed,  00:8:44 (hh:mm:ss) est. time remaining.
       76% completed,  00:8:40 (hh:mm:ss) est. time remaining.
       76% completed,  00:8:37 (hh:mm:ss) est. time remaining.
       76% completed,  00:8:35 (hh:mm:ss) est. time remaining.
       77% completed,  00:8:31 (hh:mm:ss) est. time remaining.
       77% completed,  00:8:27 (hh:mm:ss) est. time remaining.
       77% completed,  00:8:23 (hh:mm:ss) est. time remaining.
       77% completed,  00:8:20 (hh:mm:ss) est. time remaining.
       77% completed,  00:8:18 (hh:mm:ss) est. time remaining.
       77% completed,  00:8:14 (hh:mm:ss) est. time remaining.
       77% completed,  00:8:10 (hh:mm:ss) est. time remaining.
       78% completed,  00:8:06 (hh:mm:ss) est. time remaining.
       78% completed,  00:8:02 (hh:mm:ss) est. time remaining.
       78% completed,  00:7:59 (hh:mm:ss) est. time remaining.
       78% completed,  00:7:57 (hh:mm:ss) est. time remaining.
       78% completed,  00:7:53 (hh:mm:ss) est. time remaining.
       78% completed,  00:7:50 (hh:mm:ss) est. time remaining.
       78% completed,  00:7:46 (hh:mm:ss) est. time remaining.
       79% completed,  00:7:42 (hh:mm:ss) est. time remaining.
       79% completed,  00:7:39 (hh:mm:ss) est. time remaining.
       79% completed,  00:7:37 (hh:mm:ss) est. time remaining.
       79% completed,  00:7:33 (hh:mm:ss) est. time remaining.
       79% completed,  00:7:30 (hh:mm:ss) est. time remaining.
       79% completed,  00:7:26 (hh:mm:ss) est. time remaining.
       79% completed,  00:7:23 (hh:mm:ss) est. time remaining.
       80% completed,  00:7:21 (hh:mm:ss) est. time remaining.
       80% completed,  00:7:18 (hh:mm:ss) est. time remaining.
       80% completed,  00:7:14 (hh:mm:ss) est. time remaining.
       80% completed,  00:7:11 (hh:mm:ss) est. time remaining.
       80% completed,  00:7:08 (hh:mm:ss) est. time remaining.
       80% completed,  00:7:06 (hh:mm:ss) est. time remaining.
       80% completed,  00:7:03 (hh:mm:ss) est. time remaining.
       80% completed,  00:7:00 (hh:mm:ss) est. time remaining.
       81% completed,  00:6:58 (hh:mm:ss) est. time remaining.
       81% completed,  00:6:55 (hh:mm:ss) est. time remaining.
       81% completed,  00:6:51 (hh:mm:ss) est. time remaining.
       81% completed,  00:6:48 (hh:mm:ss) est. time remaining.
       81% completed,  00:6:46 (hh:mm:ss) est. time remaining.
       81% completed,  00:6:43 (hh:mm:ss) est. time remaining.
       81% completed,  00:6:40 (hh:mm:ss) est. time remaining.
       81% completed,  00:6:37 (hh:mm:ss) est. time remaining.
       82% completed,  00:6:34 (hh:mm:ss) est. time remaining.
       82% completed,  00:6:32 (hh:mm:ss) est. time remaining.
       82% completed,  00:6:28 (hh:mm:ss) est. time remaining.
       82% completed,  00:6:27 (hh:mm:ss) est. time remaining.
       82% completed,  00:6:24 (hh:mm:ss) est. time remaining.
       82% completed,  00:6:21 (hh:mm:ss) est. time remaining.
       82% completed,  00:6:17 (hh:mm:ss) est. time remaining.
       82% completed,  00:6:14 (hh:mm:ss) est. time remaining.
       83% completed,  00:6:11 (hh:mm:ss) est. time remaining.
       83% completed,  00:6:08 (hh:mm:ss) est. time remaining.
       83% completed,  00:6:06 (hh:mm:ss) est. time remaining.
       83% completed,  00:6:03 (hh:mm:ss) est. time remaining.
       83% completed,  00:6:00 (hh:mm:ss) est. time remaining.
       83% completed,  00:5:57 (hh:mm:ss) est. time remaining.
       83% completed,  00:5:54 (hh:mm:ss) est. time remaining.
       83% completed,  00:5:52 (hh:mm:ss) est. time remaining.
       84% completed,  00:5:49 (hh:mm:ss) est. time remaining.
       84% completed,  00:5:46 (hh:mm:ss) est. time remaining.
       84% completed,  00:5:43 (hh:mm:ss) est. time remaining.
       84% completed,  00:5:41 (hh:mm:ss) est. time remaining.
       84% completed,  00:5:38 (hh:mm:ss) est. time remaining.
       84% completed,  00:5:35 (hh:mm:ss) est. time remaining.
       84% completed,  00:5:33 (hh:mm:ss) est. time remaining.
       84% completed,  00:5:30 (hh:mm:ss) est. time remaining.
       84% completed,  00:5:28 (hh:mm:ss) est. time remaining.
       85% completed,  00:5:25 (hh:mm:ss) est. time remaining.
       85% completed,  00:5:22 (hh:mm:ss) est. time remaining.
       85% completed,  00:5:20 (hh:mm:ss) est. time remaining.
       85% completed,  00:5:17 (hh:mm:ss) est. time remaining.
       85% completed,  00:5:15 (hh:mm:ss) est. time remaining.
       85% completed,  00:5:12 (hh:mm:ss) est. time remaining.
       85% completed,  00:5:10 (hh:mm:ss) est. time remaining.
       85% completed,  00:5:07 (hh:mm:ss) est. time remaining.
       85% completed,  00:5:05 (hh:mm:ss) est. time remaining.
       86% completed,  00:5:02 (hh:mm:ss) est. time remaining.
       86% completed,  00:5:00 (hh:mm:ss) est. time remaining.
       86% completed,  00:4:57 (hh:mm:ss) est. time remaining.
       86% completed,  00:4:55 (hh:mm:ss) est. time remaining.
       86% completed,  00:4:52 (hh:mm:ss) est. time remaining.
       86% completed,  00:4:50 (hh:mm:ss) est. time remaining.
       86% completed,  00:4:47 (hh:mm:ss) est. time remaining.
       86% completed,  00:4:45 (hh:mm:ss) est. time remaining.
       86% completed,  00:4:43 (hh:mm:ss) est. time remaining.
       87% completed,  00:4:41 (hh:mm:ss) est. time remaining.
       87% completed,  00:4:38 (hh:mm:ss) est. time remaining.
       87% completed,  00:4:35 (hh:mm:ss) est. time remaining.
       87% completed,  00:4:33 (hh:mm:ss) est. time remaining.
       87% completed,  00:4:31 (hh:mm:ss) est. time remaining.
       87% completed,  00:4:29 (hh:mm:ss) est. time remaining.
       87% completed,  00:4:26 (hh:mm:ss) est. time remaining.
       87% completed,  00:4:24 (hh:mm:ss) est. time remaining.
       87% completed,  00:4:21 (hh:mm:ss) est. time remaining.
       88% completed,  00:4:18 (hh:mm:ss) est. time remaining.
       88% completed,  00:4:16 (hh:mm:ss) est. time remaining.
       88% completed,  00:4:14 (hh:mm:ss) est. time remaining.
       88% completed,  00:4:12 (hh:mm:ss) est. time remaining.
       88% completed,  00:4:09 (hh:mm:ss) est. time remaining.
       88% completed,  00:4:07 (hh:mm:ss) est. time remaining.
       88% completed,  00:4:04 (hh:mm:ss) est. time remaining.
       88% completed,  00:4:02 (hh:mm:ss) est. time remaining.
       88% completed,  00:4:00 (hh:mm:ss) est. time remaining.
       88% completed,  00:3:58 (hh:mm:ss) est. time remaining.
       89% completed,  00:3:56 (hh:mm:ss) est. time remaining.
       89% completed,  00:3:53 (hh:mm:ss) est. time remaining.
       89% completed,  00:3:51 (hh:mm:ss) est. time remaining.
       89% completed,  00:3:49 (hh:mm:ss) est. time remaining.
       89% completed,  00:3:47 (hh:mm:ss) est. time remaining.
       89% completed,  00:3:45 (hh:mm:ss) est. time remaining.
       89% completed,  00:3:43 (hh:mm:ss) est. time remaining.
       89% completed,  00:3:40 (hh:mm:ss) est. time remaining.
       89% completed,  00:3:39 (hh:mm:ss) est. time remaining.
       89% completed,  00:3:36 (hh:mm:ss) est. time remaining.
       90% completed,  00:3:34 (hh:mm:ss) est. time remaining.
       90% completed,  00:3:32 (hh:mm:ss) est. time remaining.
       90% completed,  00:3:30 (hh:mm:ss) est. time remaining.
       90% completed,  00:3:28 (hh:mm:ss) est. time remaining.
       90% completed,  00:3:26 (hh:mm:ss) est. time remaining.
       90% completed,  00:3:24 (hh:mm:ss) est. time remaining.
       90% completed,  00:3:22 (hh:mm:ss) est. time remaining.
       90% completed,  00:3:20 (hh:mm:ss) est. time remaining.
       90% completed,  00:3:18 (hh:mm:ss) est. time remaining.
       90% completed,  00:3:17 (hh:mm:ss) est. time remaining.
       90% completed,  00:3:15 (hh:mm:ss) est. time remaining.
       91% completed,  00:3:13 (hh:mm:ss) est. time remaining.
       91% completed,  00:3:11 (hh:mm:ss) est. time remaining.
       91% completed,  00:3:09 (hh:mm:ss) est. time remaining.
       91% completed,  00:3:07 (hh:mm:ss) est. time remaining.
       91% completed,  00:3:05 (hh:mm:ss) est. time remaining.
       91% completed,  00:3:03 (hh:mm:ss) est. time remaining.
       91% completed,  00:3:01 (hh:mm:ss) est. time remaining.
       91% completed,  00:3:00 (hh:mm:ss) est. time remaining.
       91% completed,  00:2:58 (hh:mm:ss) est. time remaining.
       91% completed,  00:2:56 (hh:mm:ss) est. time remaining.
       91% completed,  00:2:54 (hh:mm:ss) est. time remaining.
       91% completed,  00:2:52 (hh:mm:ss) est. time remaining.
       92% completed,  00:2:50 (hh:mm:ss) est. time remaining.
       92% completed,  00:2:48 (hh:mm:ss) est. time remaining.
       92% completed,  00:2:46 (hh:mm:ss) est. time remaining.
       92% completed,  00:2:44 (hh:mm:ss) est. time remaining.
       92% completed,  00:2:43 (hh:mm:ss) est. time remaining.
       92% completed,  00:2:41 (hh:mm:ss) est. time remaining.
       92% completed,  00:2:39 (hh:mm:ss) est. time remaining.
       92% completed,  00:2:37 (hh:mm:ss) est. time remaining.
       92% completed,  00:2:36 (hh:mm:ss) est. time remaining.
       92% completed,  00:2:34 (hh:mm:ss) est. time remaining.
       92% completed,  00:2:32 (hh:mm:ss) est. time remaining.
       92% completed,  00:2:30 (hh:mm:ss) est. time remaining.
       93% completed,  00:2:29 (hh:mm:ss) est. time remaining.
       93% completed,  00:2:27 (hh:mm:ss) est. time remaining.
       93% completed,  00:2:25 (hh:mm:ss) est. time remaining.
       93% completed,  00:2:23 (hh:mm:ss) est. time remaining.
       93% completed,  00:2:22 (hh:mm:ss) est. time remaining.
       93% completed,  00:2:20 (hh:mm:ss) est. time remaining.
       93% completed,  00:2:18 (hh:mm:ss) est. time remaining.
       93% completed,  00:2:17 (hh:mm:ss) est. time remaining.
       93% completed,  00:2:15 (hh:mm:ss) est. time remaining.
       93% completed,  00:2:14 (hh:mm:ss) est. time remaining.
       93% completed,  00:2:12 (hh:mm:ss) est. time remaining.
       93% completed,  00:2:10 (hh:mm:ss) est. time remaining.
       93% completed,  00:2:09 (hh:mm:ss) est. time remaining.
       94% completed,  00:2:07 (hh:mm:ss) est. time remaining.
       94% completed,  00:2:06 (hh:mm:ss) est. time remaining.
       94% completed,  00:2:04 (hh:mm:ss) est. time remaining.
       94% completed,  00:2:02 (hh:mm:ss) est. time remaining.
       94% completed,  00:2:01 (hh:mm:ss) est. time remaining.
       94% completed,  00:1:59 (hh:mm:ss) est. time remaining.
       94% completed,  00:1:58 (hh:mm:ss) est. time remaining.
       94% completed,  00:1:56 (hh:mm:ss) est. time remaining.
       94% completed,  00:1:55 (hh:mm:ss) est. time remaining.
       94% completed,  00:1:53 (hh:mm:ss) est. time remaining.
       94% completed,  00:1:52 (hh:mm:ss) est. time remaining.
       94% completed,  00:1:50 (hh:mm:ss) est. time remaining.
       94% completed,  00:1:49 (hh:mm:ss) est. time remaining.
       94% completed,  00:1:47 (hh:mm:ss) est. time remaining.
       94% completed,  00:1:46 (hh:mm:ss) est. time remaining.
       95% completed,  00:1:45 (hh:mm:ss) est. time remaining.
       95% completed,  00:1:43 (hh:mm:ss) est. time remaining.
       95% completed,  00:1:42 (hh:mm:ss) est. time remaining.
       95% completed,  00:1:40 (hh:mm:ss) est. time remaining.
       95% completed,  00:1:39 (hh:mm:ss) est. time remaining.
       95% completed,  00:1:38 (hh:mm:ss) est. time remaining.
       95% completed,  00:1:36 (hh:mm:ss) est. time remaining.
       95% completed,  00:1:35 (hh:mm:ss) est. time remaining.
       95% completed,  00:1:34 (hh:mm:ss) est. time remaining.
       95% completed,  00:1:32 (hh:mm:ss) est. time remaining.
       95% completed,  00:1:31 (hh:mm:ss) est. time remaining.
       95% completed,  00:1:30 (hh:mm:ss) est. time remaining.
       95% completed,  00:1:28 (hh:mm:ss) est. time remaining.
       95% completed,  00:1:27 (hh:mm:ss) est. time remaining.
       95% completed,  00:1:26 (hh:mm:ss) est. time remaining.
       95% completed,  00:1:24 (hh:mm:ss) est. time remaining.
       96% completed,  00:1:23 (hh:mm:ss) est. time remaining.
       96% completed,  00:1:22 (hh:mm:ss) est. time remaining.
       96% completed,  00:1:21 (hh:mm:ss) est. time remaining.
       96% completed,  00:1:19 (hh:mm:ss) est. time remaining.
       96% completed,  00:1:18 (hh:mm:ss) est. time remaining.
       96% completed,  00:1:17 (hh:mm:ss) est. time remaining.
       96% completed,  00:1:16 (hh:mm:ss) est. time remaining.
       96% completed,  00:1:15 (hh:mm:ss) est. time remaining.
       96% completed,  00:1:13 (hh:mm:ss) est. time remaining.
       96% completed,  00:1:12 (hh:mm:ss) est. time remaining.
       96% completed,  00:1:11 (hh:mm:ss) est. time remaining.
       96% completed,  00:1:10 (hh:mm:ss) est. time remaining.
       96% completed,  00:1:09 (hh:mm:ss) est. time remaining.
       96% completed,  00:1:08 (hh:mm:ss) est. time remaining.
       96% completed,  00:1:07 (hh:mm:ss) est. time remaining.
       96% completed,  00:1:05 (hh:mm:ss) est. time remaining.
       96% completed,  00:1:04 (hh:mm:ss) est. time remaining.
       96% completed,  00:1:03 (hh:mm:ss) est. time remaining.
       97% completed,  00:1:02 (hh:mm:ss) est. time remaining.
       97% completed,  00:1:01 (hh:mm:ss) est. time remaining.
       97% completed,  00:1:00 (hh:mm:ss) est. time remaining.
       97% completed,  00:0:59 (hh:mm:ss) est. time remaining.
       97% completed,  00:0:58 (hh:mm:ss) est. time remaining.
       97% completed,  00:0:57 (hh:mm:ss) est. time remaining.
       97% completed,  00:0:56 (hh:mm:ss) est. time remaining.
       97% completed,  00:0:55 (hh:mm:ss) est. time remaining.
       97% completed,  00:0:54 (hh:mm:ss) est. time remaining.
       97% completed,  00:0:53 (hh:mm:ss) est. time remaining.
       97% completed,  00:0:52 (hh:mm:ss) est. time remaining.
       97% completed,  00:0:51 (hh:mm:ss) est. time remaining.
       97% completed,  00:0:50 (hh:mm:ss) est. time remaining.
       97% completed,  00:0:49 (hh:mm:ss) est. time remaining.
       97% completed,  00:0:48 (hh:mm:ss) est. time remaining.
       97% completed,  00:0:47 (hh:mm:ss) est. time remaining.
       97% completed,  00:0:46 (hh:mm:ss) est. time remaining.
       97% completed,  00:0:46 (hh:mm:ss) est. time remaining.
       97% completed,  00:0:44 (hh:mm:ss) est. time remaining.
       97% completed,  00:0:44 (hh:mm:ss) est. time remaining.
       97% completed,  00:0:43 (hh:mm:ss) est. time remaining.
       98% completed,  00:0:42 (hh:mm:ss) est. time remaining.
       98% completed,  00:0:41 (hh:mm:ss) est. time remaining.
       98% completed,  00:0:40 (hh:mm:ss) est. time remaining.
       98% completed,  00:0:39 (hh:mm:ss) est. time remaining.
       98% completed,  00:0:38 (hh:mm:ss) est. time remaining.
       98% completed,  00:0:38 (hh:mm:ss) est. time remaining.
       98% completed,  00:0:37 (hh:mm:ss) est. time remaining.
       98% completed,  00:0:36 (hh:mm:ss) est. time remaining.
       98% completed,  00:0:35 (hh:mm:ss) est. time remaining.
       98% completed,  00:0:34 (hh:mm:ss) est. time remaining.
       98% completed,  00:0:33 (hh:mm:ss) est. time remaining.
       98% completed,  00:0:33 (hh:mm:ss) est. time remaining.
       98% completed,  00:0:32 (hh:mm:ss) est. time remaining.
       98% completed,  00:0:31 (hh:mm:ss) est. time remaining.
       98% completed,  00:0:30 (hh:mm:ss) est. time remaining.
       98% completed,  00:0:29 (hh:mm:ss) est. time remaining.
       98% completed,  00:0:28 (hh:mm:ss) est. time remaining.
       98% completed,  00:0:28 (hh:mm:ss) est. time remaining.
       98% completed,  00:0:27 (hh:mm:ss) est. time remaining.
       98% completed,  00:0:26 (hh:mm:ss) est. time remaining.
       98% completed,  00:0:26 (hh:mm:ss) est. time remaining.
       98% completed,  00:0:25 (hh:mm:ss) est. time remaining.
       98% completed,  00:0:24 (hh:mm:ss) est. time remaining.
       98% completed,  00:0:23 (hh:mm:ss) est. time remaining.
       98% completed,  00:0:23 (hh:mm:ss) est. time remaining.
       98% completed,  00:0:22 (hh:mm:ss) est. time remaining.
       98% completed,  00:0:21 (hh:mm:ss) est. time remaining.
       98% completed,  00:0:21 (hh:mm:ss) est. time remaining.
       99% completed,  00:0:20 (hh:mm:ss) est. time remaining.
       99% completed,  00:0:20 (hh:mm:ss) est. time remaining.
       99% completed,  00:0:19 (hh:mm:ss) est. time remaining.
       99% completed,  00:0:18 (hh:mm:ss) est. time remaining.
       99% completed,  00:0:18 (hh:mm:ss) est. time remaining.
       99% completed,  00:0:17 (hh:mm:ss) est. time remaining.
       99% completed,  00:0:17 (hh:mm:ss) est. time remaining.
       99% completed,  00:0:16 (hh:mm:ss) est. time remaining.
       99% completed,  00:0:16 (hh:mm:ss) est. time remaining.
       99% completed,  00:0:15 (hh:mm:ss) est. time remaining.
       99% completed,  00:0:14 (hh:mm:ss) est. time remaining.
       99% completed,  00:0:14 (hh:mm:ss) est. time remaining.
       99% completed,  00:0:13 (hh:mm:ss) est. time remaining.
       99% completed,  00:0:13 (hh:mm:ss) est. time remaining.
       99% completed,  00:0:12 (hh:mm:ss) est. time remaining.
       99% completed,  00:0:12 (hh:mm:ss) est. time remaining.
       99% completed,  00:0:11 (hh:mm:ss) est. time remaining.
       99% completed,  00:0:11 (hh:mm:ss) est. time remaining.
       99% completed,  00:0:11 (hh:mm:ss) est. time remaining.
       99% completed,  00:0:10 (hh:mm:ss) est. time remaining.
       99% completed,  00:0:10 (hh:mm:ss) est. time remaining.
       99% completed,  00:0:09 (hh:mm:ss) est. time remaining.
       99% completed,  00:0:09 (hh:mm:ss) est. time remaining.
       99% completed,  00:0:08 (hh:mm:ss) est. time remaining.
       99% completed,  00:0:08 (hh:mm:ss) est. time remaining.
       99% completed,  00:0:08 (hh:mm:ss) est. time remaining.
       99% completed,  00:0:07 (hh:mm:ss) est. time remaining.
       99% completed,  00:0:07 (hh:mm:ss) est. time remaining.
       99% completed,  00:0:06 (hh:mm:ss) est. time remaining.
       99% completed,  00:0:06 (hh:mm:ss) est. time remaining.
       99% completed,  00:0:06 (hh:mm:ss) est. time remaining.
       99% completed,  00:0:05 (hh:mm:ss) est. time remaining.
       99% completed,  00:0:05 (hh:mm:ss) est. time remaining.
       99% completed,  00:0:05 (hh:mm:ss) est. time remaining.
       99% completed,  00:0:04 (hh:mm:ss) est. time remaining.
       99% completed,  00:0:04 (hh:mm:ss) est. time remaining.
       99% completed,  00:0:04 (hh:mm:ss) est. time remaining.
       99% completed,  00:0:04 (hh:mm:ss) est. time remaining.
       99% completed,  00:0:03 (hh:mm:ss) est. time remaining.
       99% completed,  00:0:03 (hh:mm:ss) est. time remaining.
       99% completed,  00:0:03 (hh:mm:ss) est. time remaining.
       99% completed,  00:0:03 (hh:mm:ss) est. time remaining.
       99% completed,  00:0:02 (hh:mm:ss) est. time remaining.
       99% completed,  00:0:02 (hh:mm:ss) est. time remaining.
       99% completed,  00:0:02 (hh:mm:ss) est. time remaining.
       99% completed,  00:0:02 (hh:mm:ss) est. time remaining.
       99% completed,  00:0:02 (hh:mm:ss) est. time remaining.
       99% completed,  00:0:01 (hh:mm:ss) est. time remaining.
       99% completed,  00:0:01 (hh:mm:ss) est. time remaining.
       99% completed,  00:0:01 (hh:mm:ss) est. time remaining.
       99% completed,  00:0:01 (hh:mm:ss) est. time remaining.
       99% completed,  00:0:01 (hh:mm:ss) est. time remaining.
       99% completed,  00:0:01 (hh:mm:ss) est. time remaining.
       99% completed,  00:0:00 (hh:mm:ss) est. time remaining.
       99% completed,  00:0:00 (hh:mm:ss) est. time remaining.
       99% completed,  00:0:00 (hh:mm:ss) est. time remaining.
       99% completed,  00:0:00 (hh:mm:ss) est. time remaining.
       99% completed,  00:0:00 (hh:mm:ss) est. time remaining.
       99% completed,  00:0:00 (hh:mm:ss) est. time remaining.
       99% completed,  00:0:00 (hh:mm:ss) est. time remaining.
       99% completed,  00:0:00 (hh:mm:ss) est. time remaining.
       99% completed,  00:0:00 (hh:mm:ss) est. time remaining.
       99% completed,  00:0:00 (hh:mm:ss) est. time remaining.
       99% completed,  00:0:00 (hh:mm:ss) est. time remaining.
       99% completed,  00:0:00 (hh:mm:ss) est. time remaining.
       99% completed,  00:0:00 (hh:mm:ss) est. time remaining.
      100% completed,  00:0:00 (hh:mm:ss) est. time remaining.
Comparison Time: 00:35:17 (hh:mm:ss) Elapsed Time, 15034 HSPs Collected
  - RECON: Running imagespread..
RECON Elapsed: 00:00:00 (hh:mm:ss) Elapsed Time
  - RECON: Running initial definition of elements ( eledef )..
RECON Elapsed: 00:00:03 (hh:mm:ss) Elapsed Time
  - RECON: Running re-definition of elements ( eleredef )..
RECON Elapsed: 00:00:06 (hh:mm:ss) Elapsed Time
  - RECON: Running re-definition of edges ( edgeredef )..
RECON Elapsed: 00:00:32 (hh:mm:ss) Elapsed Time
  - RECON: Running family definition ( famdef )..
RECON Elapsed: 00:00:00 (hh:mm:ss) Elapsed Time
  - Obtaining element sequences
Number of families returned by RECON: 3054
Processing families with greater than 15 elements

Processing RECON family: 294
  - Saving 72 elements
  - Refining family-294 model...

Processing RECON family: 10
  - Saving 42 elements
  - Refining family-10 model...

Processing RECON family: 6
  - Saving 39 elements
  - Refining family-6 model...

Processing RECON family: 535
  - Saving 28 elements
  - Refining family-535 model...

Processing RECON family: 229
  - Saving 27 elements
  - Refining family-229 model...

Processing RECON family: 513
  - Saving 27 elements
  - Refining family-513 model...

Processing RECON family: 281
  - Saving 23 elements
  - Refining family-281 model...

Processing RECON family: 93
  - Saving 23 elements
  - Refining family-93 model...

Processing RECON family: 9
  - Saving 23 elements
  - Refining family-9 model...

Processing RECON family: 255
  - Saving 22 elements
  - Refining family-255 model...

Processing RECON family: 326
  - Saving 19 elements
  - Refining family-326 model...

Processing RECON family: 307
  - Saving 17 elements
  - Refining family-307 model...

Processing RECON family: 1775
  - Saving 17 elements
  - Refining family-1775 model...

Processing RECON family: 65
  - Saving 17 elements
  - Refining family-65 model...

Processing RECON family: 643
  - Saving 16 elements
  - Refining family-643 model...

Processing RECON family: 92
  - Saving 16 elements
  - Refining family-92 model...

Processing RECON family: 217
  - Saving 16 elements
  - Refining family-217 model...

Processing RECON family: 204
  - Saving 16 elements
  - Refining family-204 model...

Processing RECON family: 161
  - Saving 16 elements
  - Refining family-161 model...
Family Refinement: 04:45:39 (hh:mm:ss) Elapsed Time
Round Time: 05:59:42 (hh:mm:ss) Elapsed Time

RepeatScout/RECON discovery complete: 125 families found


LTR Structural Analysis
=======================
Running LtrHarvest...     : 00:00:32 (hh:mm:ss) Elapsed Time
Running Ltr_retriever...LTRPipeline: No results after LTR_Retriever filtering.
LTRPipeline Time: 00:00:40 (hh:mm:ss) Elapsed Time


RepeatClassifier Version 2.0.1
======================================
Search Engine = rmblast
  - Looking for Simple and Low Complexity sequences..
  - Looking for similarity to known repeat proteins..
  - Looking for similarity to known repeat consensi..
Classification Time: 00:22:58 (hh:mm:ss) Elapsed Time


Program Time: 12:13:58 (hh:mm:ss) Elapsed Time
Working directory:  /scratch/jstajich/4107291/RM_36744.SatJun121546252021
may be deleted unless there were problems with the run.

The results have been saved to:
  Aspergillus_melleus_CBS_546.65-families.fa  - Consensus sequences for each family identified.
  Aspergillus_melleus_CBS_546.65-families.stk - Seed alignments for each family identified.

The RepeatModeler stockholm file is formatted so that it can
easily be submitted to the Dfam database.  Please consider contributing
curated families to this open database and be a part of this growing
community resource.  For more information contact help@dfam.org.


mv: cannot stat */repeatmodeler-library.*.fasta: No such file or directory
/bigdata/stajichlab/shared/projects/Aspergillus/A_melleus
