Loading rmate/1.5.8
  Loading requirement: ruby/2.3.0
Loading funannotate/1.8
  Loading requirement: ncbi-rmblast/2.9.0-p2 trf/4.09 hmmer/3 RepeatMasker/4-1-1
    jellyfish/2.3.0 lp_solve/5.5 EVM/1.1.1-live genemarkESET/4.62_lic
    bamtools/2.4.0 RepeatScout/1.0.6 RECON/1.08 cd-hit/4.8.1 ncbi-blast/2.9.0+
    RepeatModeler/2.0.1 gmap/2019-03-04 bedtools/2.29.2 tbl2asn/25.8
    boost/1.68.0 augustus/3.3.3 diamond/2.0.8 exonerate/2.2.0 ncbi-blast/2.2.31+
    cdbfasta/06272015 htslib/1.11 samtools/1.11 braker/2.1.4 mummer/4.0
    RAxML/8.2.12 mafft/7.427 trimal/1.4.1 trimmomatic/0.36 exonerate/2.4.0
    blat/35 tRNAscan/1.3.1 proteinortho/6.0.20 kent/318 signalp/5.0b
    fasta/36.3.8h bowtie2/2.4.1 salmon/0.9.1 trinity-rnaseq/2.11.0 hisat2/2.2.1
    kallisto/0.46.2 gmap/2017-11-15 PASA/2.4.1 eggnog-mapper/2.1.0 minimap2/2.17
    stringtie/2.1.1 CodingQuarry/2.0
SPECIES is Aspergillus melleus
sample is Aspergillus_melleus_CBS_546.65
annotate/Aspergillus_melleus_CBS_546.65/training
[Jun 13 11:16 PM]: OS: CentOS Linux 7, 64 cores, ~ 528 GB RAM. Python: 3.8.5
[Jun 13 11:16 PM]: Running 1.8.8
[Jun 13 11:17 PM]: Trimmomatic will be skipped
[Jun 13 11:17 PM]: Read normalization will be skipped
[Jun 13 11:17 PM]: 33,620 existing Trinity results found: annotate/Aspergillus_melleus_CBS_546.65/training/trinity.fasta
[Jun 13 11:17 PM]: Removing poly-A sequences from trinity transcripts using seqclean
[Jun 13 11:17 PM]: Existing SeqClean output found: annotate/Aspergillus_melleus_CBS_546.65/training/annotate/Aspergillus_melleus_CBS_546.65/training/trinity.fasta.clean
[Jun 13 11:17 PM]: Existing BAM alignments found: annotate/Aspergillus_melleus_CBS_546.65/training/trinity.alignments.bam, annotate/Aspergillus_melleus_CBS_546.65/training/transcript.alignments.bam
[Jun 13 11:17 PM]: Using Kallisto TPM data to determine which PASA gene models to select at each locus
[Jun 13 11:17 PM]: Building Kallisto index
[Jun 13 11:17 PM]: Mapping reads using pseudoalignment in Kallisto
[Jun 13 11:21 PM]: Parsing expression value results. Keeping best transcript at each locus.
[Jun 13 11:22 PM]: Wrote 4,641 PASA gene models
[Jun 13 11:22 PM]: PASA database name: Aspergillus_melleus_CBS_546.65
[Jun 13 11:22 PM]: Trinity/PASA has completed, you are now ready to run funanotate predict, for example:

  funannotate predict -i /bigdata/stajichlab/shared/projects/Aspergillus/A_melleus/genomes/Aspergillus_melleus_CBS_546.65.masked.fasta \
            -o annotate/Aspergillus_melleus_CBS_546.65 -s "Aspergillus melleus" --isolate CBS 546.65 --cpus 24

-------------------------------------------------------
-------------------------------------------------------
